#
# There is insufficient memory for the Java Runtime Environment to continue.
# Native memory allocation (malloc) failed to allocate 32744 bytes for ChunkPool::allocate
# Possible reasons:
#   The system is out of physical RAM or swap space
#   In 32 bit mode, the process size limit was hit
# Possible solutions:
#   Reduce memory load on the system
#   Increase physical memory or swap space
#   Check if swap backing store is full
#   Use 64 bit Java on a 64 bit OS
#   Decrease Java heap size (-Xmx/-Xms)
#   Decrease number of Java threads
#   Decrease Java thread stack sizes (-Xss)
#   Set larger code cache with -XX:ReservedCodeCacheSize=
# This output file may be truncated or incomplete.
#
#  Out of Memory Error (allocation.cpp:273), pid=30024, tid=0x00000000000076c8
#
# JRE version: OpenJDK Runtime Environment (8.0_152-b02) (build 1.8.0_152-release-1024-b02)
# Java VM: OpenJDK 64-Bit Server VM (25.152-b02 mixed mode windows-amd64 compressed oops)
# Failed to write core dump. Minidumps are not enabled by default on client versions of Windows
#

---------------  T H R E A D  ---------------

Current thread (0x000000001800b000):  JavaThread "C1 CompilerThread2" daemon [_thread_in_native, id=30408, stack(0x0000000019900000,0x0000000019a00000)]

Stack: [0x0000000019900000,0x0000000019a00000]
[error occurred during error reporting (printing stack bounds), id 0xc0000005]

Native frames: (J=compiled Java code, j=interpreted, Vv=VM code, C=native code)


Current CompileTask:
C1:  10741 5271       3       java.io.ExpiringCache$Entry::<init> (15 bytes)


---------------  P R O C E S S  ---------------

Java Threads: ( => current thread )
  0x000000001e355000 JavaThread "Memory manager" [_thread_blocked, id=27336, stack(0x0000000023e60000,0x0000000023f60000)]
  0x000000001e354800 JavaThread "build operations Thread 4" [_thread_blocked, id=13616, stack(0x00000000230c0000,0x00000000231c0000)]
  0x000000001e35a800 JavaThread "build operations Thread 3" [_thread_blocked, id=36664, stack(0x0000000022d80000,0x0000000022e80000)]
  0x000000001e359000 JavaThread "build operations Thread 2" [_thread_blocked, id=11956, stack(0x00000000218f0000,0x00000000219f0000)]
  0x000000001e357800 JavaThread "build operations" [_thread_blocked, id=3228, stack(0x0000000020530000,0x0000000020630000)]
  0x000000001e353800 JavaThread "Cache worker for Artifact transforms cache (C:\Users\212628619\.gradle\caches\transforms-1)" [_thread_blocked, id=32812, stack(0x000000001f390000,0x000000001f490000)]
  0x000000001d372000 JavaThread "Cache worker for file hash cache (C:\Users\212628619\AndroidStudioProjects\gitShitDone\.gradle\4.4\fileHashes)" [_thread_blocked, id=33388, stack(0x000000001dec0000,0x000000001dfc0000)]
  0x000000001b193800 JavaThread "File lock request listener" [_thread_in_native, id=32140, stack(0x000000001cdf0000,0x000000001cef0000)]
  0x000000001b49d000 JavaThread "Cache worker for file hash cache (C:\Users\212628619\.gradle\caches\4.4\fileHashes)" [_thread_blocked, id=35396, stack(0x000000001ccf0000,0x000000001cdf0000)]
  0x000000001af8e000 JavaThread "Stdin handler" [_thread_blocked, id=33164, stack(0x000000001c9f0000,0x000000001caf0000)]
  0x000000001af8d000 JavaThread "Asynchronous log dispatcher for DefaultDaemonConnection: socket connection from /127.0.0.1:50282 to /127.0.0.1:50283" [_thread_blocked, id=9200, stack(0x000000001c8f0000,0x000000001c9f0000)]
  0x0000000019ccb800 JavaThread "Daemon worker" [_thread_in_native, id=35576, stack(0x000000001c7f0000,0x000000001c8f0000)]
  0x0000000019ccb000 JavaThread "Cancel handler" [_thread_blocked, id=31156, stack(0x000000001c6f0000,0x000000001c7f0000)]
  0x000000001b123800 JavaThread "Handler for socket connection from /127.0.0.1:50282 to /127.0.0.1:50283" [_thread_in_native, id=32056, stack(0x000000001c3f0000,0x000000001c4f0000)]
  0x000000001b123000 JavaThread "Daemon" [_thread_blocked, id=10636, stack(0x000000001c2f0000,0x000000001c3f0000)]
  0x000000001b117000 JavaThread "Daemon periodic checks" [_thread_blocked, id=37032, stack(0x000000001c1f0000,0x000000001c2f0000)]
  0x000000001af1a800 JavaThread "Incoming local TCP Connector on port 50282" [_thread_in_native, id=24380, stack(0x000000001bd10000,0x000000001be10000)]
  0x0000000019a20800 JavaThread "Service Thread" daemon [_thread_blocked, id=16344, stack(0x0000000019e00000,0x0000000019f00000)]
=>0x000000001800b000 JavaThread "C1 CompilerThread2" daemon [_thread_in_native, id=30408, stack(0x0000000019900000,0x0000000019a00000)]
  0x0000000018000800 JavaThread "C2 CompilerThread1" daemon [_thread_in_native, id=34644, stack(0x0000000019800000,0x0000000019900000)]
  0x0000000017ffc000 JavaThread "C2 CompilerThread0" daemon [_thread_in_native, id=34204, stack(0x0000000019700000,0x0000000019800000)]
  0x0000000017ffa800 JavaThread "Attach Listener" daemon [_thread_blocked, id=36480, stack(0x0000000019600000,0x0000000019700000)]
  0x0000000017ff9800 JavaThread "Signal Dispatcher" daemon [_thread_blocked, id=32976, stack(0x0000000019500000,0x0000000019600000)]
  0x000000000468c000 JavaThread "Finalizer" daemon [_thread_blocked, id=32728, stack(0x0000000019250000,0x0000000019350000)]
  0x0000000004681000 JavaThread "Reference Handler" daemon [_thread_blocked, id=27252, stack(0x0000000019150000,0x0000000019250000)]
  0x000000000458e000 JavaThread "main" [_thread_blocked, id=36940, stack(0x0000000004440000,0x0000000004540000)]

Other Threads:
  0x0000000017fc5800 VMThread [stack: 0x0000000019050000,0x0000000019150000] [id=16476]
  0x0000000019a23000 WatcherThread [stack: 0x0000000019f00000,0x000000001a000000] [id=37460]

VM state:not at safepoint (normal execution)

VM Mutex/Monitor currently owned by a thread: None

Heap:
 PSYoungGen      total 107520K, used 41980K [0x00000000e0000000, 0x00000000e7980000, 0x0000000100000000)
  eden space 96768K, 43% used [0x00000000e0000000,0x00000000e28ff250,0x00000000e5e80000)
  from space 10752K, 0% used [0x00000000e6980000,0x00000000e6980000,0x00000000e7400000)
  to   space 11264K, 0% used [0x00000000e5e80000,0x00000000e5e80000,0x00000000e6980000)
 ParOldGen       total 58368K, used 27912K [0x00000000a0000000, 0x00000000a3900000, 0x00000000e0000000)
  object space 58368K, 47% used [0x00000000a0000000,0x00000000a1b422a8,0x00000000a3900000)
 Metaspace       used 51620K, capacity 53079K, committed 53208K, reserved 1095680K
  class space    used 7038K, capacity 7401K, committed 7424K, reserved 1048576K

Card table byte_map: [0x0000000013a50000,0x0000000013d60000] byte_map_base: 0x0000000013550000

Marking Bits: (ParMarkBitMap*) 0x00000000619c4970
 Begin Bits: [0x0000000014360000, 0x0000000015b60000)
 End Bits:   [0x0000000015b60000, 0x0000000017360000)

Polling page: 0x0000000002ba0000

CodeCache: size=245760Kb used=16375Kb max_used=16375Kb free=229384Kb
 bounds [0x0000000004690000, 0x00000000056a0000, 0x0000000013690000]
 total_blobs=5653 nmethods=4897 adapters=667
 compilation: enabled

Compilation events (10 events):
Event: 10.685 Thread 0x000000001800b000 nmethod 5265 0x00000000056953d0 code [0x0000000005695520, 0x0000000005695630]
Event: 10.692 Thread 0x000000001800b000 5266       3       sun.reflect.ConstantPool::getIntAt (10 bytes)
Event: 10.692 Thread 0x000000001800b000 nmethod 5266 0x0000000005695a50 code [0x0000000005695bc0, 0x0000000005695d48]
Event: 10.706 Thread 0x000000001800b000 5268       3       org.objectweb.asm.MethodWriter::visitFrame (233 bytes)
Event: 10.707 Thread 0x000000001800b000 nmethod 5268 0x0000000005695dd0 code [0x0000000005695fa0, 0x0000000005696798]
Event: 10.708 Thread 0x000000001800b000 5269       3       org.gradle.cache.internal.CrossBuildInMemoryCacheFactory$DefaultCrossBuildInMemoryCache::getIfPresent (60 bytes)
Event: 10.708 Thread 0x000000001800b000 nmethod 5269 0x0000000005696cd0 code [0x0000000005696e80, 0x0000000005697588]
Event: 10.733 Thread 0x000000001800b000 5270       3       org.gradle.api.internal.project.taskfactory.NoOpPropertyAnnotationHandler::attachActions (1 bytes)
Event: 10.733 Thread 0x000000001800b000 nmethod 5270 0x0000000005697750 code [0x00000000056978a0, 0x00000000056979f0]
Event: 10.736 Thread 0x000000001800b000 5271       3       java.io.ExpiringCache$Entry::<init> (15 bytes)

GC Heap History (10 events):
Event: 6.857 GC heap before
{Heap before GC invocations=9 (full 1):
 PSYoungGen      total 71680K, used 39983K [0x00000000e0000000, 0x00000000e7400000, 0x0000000100000000)
  eden space 61952K, 50% used [0x00000000e0000000,0x00000000e1e83df8,0x00000000e3c80000)
  from space 9728K, 89% used [0x00000000e3c80000,0x00000000e4507fe0,0x00000000e4600000)
  to   space 10752K, 0% used [0x00000000e6980000,0x00000000e6980000,0x00000000e7400000)
 ParOldGen       total 58368K, used 10114K [0x00000000a0000000, 0x00000000a3900000, 0x00000000e0000000)
  object space 58368K, 17% used [0x00000000a0000000,0x00000000a09e0b00,0x00000000a3900000)
 Metaspace       used 34797K, capacity 35272K, committed 35416K, reserved 1079296K
  class space    used 4763K, capacity 4946K, committed 4992K, reserved 1048576K
Event: 6.896 GC heap after
Heap after GC invocations=9 (full 1):
 PSYoungGen      total 107520K, used 9905K [0x00000000e0000000, 0x00000000e7980000, 0x0000000100000000)
  eden space 96768K, 0% used [0x00000000e0000000,0x00000000e0000000,0x00000000e5e80000)
  from space 10752K, 92% used [0x00000000e6980000,0x00000000e732c428,0x00000000e7400000)
  to   space 11264K, 0% used [0x00000000e5e80000,0x00000000e5e80000,0x00000000e6980000)
 ParOldGen       total 58368K, used 10114K [0x00000000a0000000, 0x00000000a3900000, 0x00000000e0000000)
  object space 58368K, 17% used [0x00000000a0000000,0x00000000a09e0b00,0x00000000a3900000)
 Metaspace       used 34797K, capacity 35272K, committed 35416K, reserved 1079296K
  class space    used 4763K, capacity 4946K, committed 4992K, reserved 1048576K
}
Event: 6.897 GC heap before
{Heap before GC invocations=10 (full 2):
 PSYoungGen      total 107520K, used 9905K [0x00000000e0000000, 0x00000000e7980000, 0x0000000100000000)
  eden space 96768K, 0% used [0x00000000e0000000,0x00000000e0000000,0x00000000e5e80000)
  from space 10752K, 92% used [0x00000000e6980000,0x00000000e732c428,0x00000000e7400000)
  to   space 11264K, 0% used [0x00000000e5e80000,0x00000000e5e80000,0x00000000e6980000)
 ParOldGen       total 58368K, used 10114K [0x00000000a0000000, 0x00000000a3900000, 0x00000000e0000000)
  object space 58368K, 17% used [0x00000000a0000000,0x00000000a09e0b00,0x00000000a3900000)
 Metaspace       used 34797K, capacity 35272K, committed 35416K, reserved 1079296K
  class space    used 4763K, capacity 4946K, committed 4992K, reserved 1048576K
Event: 7.058 GC heap after
Heap after GC invocations=10 (full 2):
 PSYoungGen      total 107520K, used 0K [0x00000000e0000000, 0x00000000e7980000, 0x0000000100000000)
  eden space 96768K, 0% used [0x00000000e0000000,0x00000000e0000000,0x00000000e5e80000)
  from space 10752K, 0% used [0x00000000e6980000,0x00000000e6980000,0x00000000e7400000)
  to   space 11264K, 0% used [0x00000000e5e80000,0x00000000e5e80000,0x00000000e6980000)
 ParOldGen       total 58368K, used 16605K [0x00000000a0000000, 0x00000000a3900000, 0x00000000e0000000)
  object space 58368K, 28% used [0x00000000a0000000,0x00000000a1037480,0x00000000a3900000)
 Metaspace       used 34797K, capacity 35272K, committed 35416K, reserved 1079296K
  class space    used 4763K, capacity 4946K, committed 4992K, reserved 1048576K
}
Event: 8.253 GC heap before
{Heap before GC invocations=11 (full 2):
 PSYoungGen      total 107520K, used 96768K [0x00000000e0000000, 0x00000000e7980000, 0x0000000100000000)
  eden space 96768K, 100% used [0x00000000e0000000,0x00000000e5e80000,0x00000000e5e80000)
  from space 10752K, 0% used [0x00000000e6980000,0x00000000e6980000,0x00000000e7400000)
  to   space 11264K, 0% used [0x00000000e5e80000,0x00000000e5e80000,0x00000000e6980000)
 ParOldGen       total 58368K, used 16605K [0x00000000a0000000, 0x00000000a3900000, 0x00000000e0000000)
  object space 58368K, 28% used [0x00000000a0000000,0x00000000a1037480,0x00000000a3900000)
 Metaspace       used 40575K, capacity 41220K, committed 41560K, reserved 1085440K
  class space    used 5491K, capacity 5742K, committed 5760K, reserved 1048576K
Event: 8.267 GC heap after
Heap after GC invocations=11 (full 2):
 PSYoungGen      total 108032K, used 10510K [0x00000000e0000000, 0x00000000e7980000, 0x0000000100000000)
  eden space 96768K, 0% used [0x00000000e0000000,0x00000000e0000000,0x00000000e5e80000)
  from space 11264K, 93% used [0x00000000e5e80000,0x00000000e68c3bf0,0x00000000e6980000)
  to   space 10752K, 0% used [0x00000000e6980000,0x00000000e6980000,0x00000000e7400000)
 ParOldGen       total 58368K, used 16613K [0x00000000a0000000, 0x00000000a3900000, 0x00000000e0000000)
  object space 58368K, 28% used [0x00000000a0000000,0x00000000a1039480,0x00000000a3900000)
 Metaspace       used 40575K, capacity 41220K, committed 41560K, reserved 1085440K
  class space    used 5491K, capacity 5742K, committed 5760K, reserved 1048576K
}
Event: 9.829 GC heap before
{Heap before GC invocations=12 (full 2):
 PSYoungGen      total 108032K, used 97979K [0x00000000e0000000, 0x00000000e7980000, 0x0000000100000000)
  eden space 96768K, 90% used [0x00000000e0000000,0x00000000e556b370,0x00000000e5e80000)
  from space 11264K, 93% used [0x00000000e5e80000,0x00000000e68c3bf0,0x00000000e6980000)
  to   space 10752K, 0% used [0x00000000e6980000,0x00000000e6980000,0x00000000e7400000)
 ParOldGen       total 58368K, used 16613K [0x00000000a0000000, 0x00000000a3900000, 0x00000000e0000000)
  object space 58368K, 28% used [0x00000000a0000000,0x00000000a1039480,0x00000000a3900000)
 Metaspace       used 48798K, capacity 49869K, committed 50008K, reserved 1095680K
  class space    used 6593K, capacity 6914K, committed 7040K, reserved 1048576K
Event: 9.848 GC heap after
Heap after GC invocations=12 (full 2):
 PSYoungGen      total 107520K, used 10739K [0x00000000e0000000, 0x00000000e7980000, 0x0000000100000000)
  eden space 96768K, 0% used [0x00000000e0000000,0x00000000e0000000,0x00000000e5e80000)
  from space 10752K, 99% used [0x00000000e6980000,0x00000000e73fce58,0x00000000e7400000)
  to   space 11264K, 0% used [0x00000000e5e80000,0x00000000e5e80000,0x00000000e6980000)
 ParOldGen       total 58368K, used 20519K [0x00000000a0000000, 0x00000000a3900000, 0x00000000e0000000)
  object space 58368K, 35% used [0x00000000a0000000,0x00000000a1409fa8,0x00000000a3900000)
 Metaspace       used 48798K, capacity 49869K, committed 50008K, reserved 1095680K
  class space    used 6593K, capacity 6914K, committed 7040K, reserved 1048576K
}
Event: 9.848 GC heap before
{Heap before GC invocations=13 (full 3):
 PSYoungGen      total 107520K, used 10739K [0x00000000e0000000, 0x00000000e7980000, 0x0000000100000000)
  eden space 96768K, 0% used [0x00000000e0000000,0x00000000e0000000,0x00000000e5e80000)
  from space 10752K, 99% used [0x00000000e6980000,0x00000000e73fce58,0x00000000e7400000)
  to   space 11264K, 0% used [0x00000000e5e80000,0x00000000e5e80000,0x00000000e6980000)
 ParOldGen       total 58368K, used 20519K [0x00000000a0000000, 0x00000000a3900000, 0x00000000e0000000)
  object space 58368K, 35% used [0x00000000a0000000,0x00000000a1409fa8,0x00000000a3900000)
 Metaspace       used 48798K, capacity 49869K, committed 50008K, reserved 1095680K
  class space    used 6593K, capacity 6914K, committed 7040K, reserved 1048576K
Event: 10.056 GC heap after
Heap after GC invocations=13 (full 3):
 PSYoungGen      total 107520K, used 0K [0x00000000e0000000, 0x00000000e7980000, 0x0000000100000000)
  eden space 96768K, 0% used [0x00000000e0000000,0x00000000e0000000,0x00000000e5e80000)
  from space 10752K, 0% used [0x00000000e6980000,0x00000000e6980000,0x00000000e7400000)
  to   space 11264K, 0% used [0x00000000e5e80000,0x00000000e5e80000,0x00000000e6980000)
 ParOldGen       total 58368K, used 27912K [0x00000000a0000000, 0x00000000a3900000, 0x00000000e0000000)
  object space 58368K, 47% used [0x00000000a0000000,0x00000000a1b422a8,0x00000000a3900000)
 Metaspace       used 48798K, capacity 49869K, committed 50008K, reserved 1093632K
  class space    used 6593K, capacity 6914K, committed 7040K, reserved 1048576K
}

Deoptimization events (10 events):
Event: 8.826 Thread 0x0000000019ccb800 Uncommon trap: reason=class_check action=maybe_recompile pc=0x0000000004c4dd48 method=java.io.DataInputStream.readUnsignedShort()I @ 4
Event: 9.041 Thread 0x0000000019ccb800 Uncommon trap: reason=unstable_if action=reinterpret pc=0x0000000004ed0440 method=java.util.WeakHashMap.remove(Ljava/lang/Object;)Ljava/lang/Object; @ 94
Event: 9.114 Thread 0x0000000019ccb800 Uncommon trap: reason=unstable_if action=reinterpret pc=0x00000000050a5a68 method=java.util.regex.Pattern$BmpCharProperty.match(Ljava/util/regex/Matcher;ILjava/lang/CharSequence;)Z @ 34
Event: 9.492 Thread 0x0000000019ccb800 Uncommon trap: reason=range_check action=make_not_entrant pc=0x00000000052c4d1c method=java.lang.String.charAt(I)C @ 27
Event: 10.142 Thread 0x0000000019ccb800 Uncommon trap: reason=unstable_if action=reinterpret pc=0x00000000054290e8 method=java.util.regex.Pattern$GroupTail.match(Ljava/util/regex/Matcher;ILjava/lang/CharSequence;)Z @ 73
Event: 10.142 Thread 0x0000000019ccb800 Uncommon trap: reason=unstable_if action=reinterpret pc=0x000000000542c698 method=com.sun.org.apache.xerces.internal.impl.XMLEntityScanner.scanContent(Lcom/sun/org/apache/xerces/internal/xni/XMLString;)I @ 163
Event: 10.416 Thread 0x0000000019ccb800 Uncommon trap: reason=unstable_if action=reinterpret pc=0x0000000004eb1e28 method=org.objectweb.asm.Type.getArgumentsAndReturnSizes(Ljava/lang/String;)I @ 47
Event: 10.417 Thread 0x0000000019ccb800 Uncommon trap: reason=unstable_if action=reinterpret pc=0x00000000055d4c4c method=org.objectweb.asm.Type.getArgumentsAndReturnSizes(Ljava/lang/String;)I @ 47
Event: 10.417 Thread 0x0000000019ccb800 Uncommon trap: reason=unstable_if action=reinterpret pc=0x0000000004df41f8 method=org.objectweb.asm.Frame.push(Lorg/objectweb/asm/ClassWriter;Ljava/lang/String;)V @ 18
Event: 10.455 Thread 0x0000000019ccb800 Uncommon trap: reason=unstable_if action=reinterpret pc=0x00000000055c6044 method=java.util.TreeMap.put(Ljava/lang/Object;Ljava/lang/Object;)Ljava/lang/Object; @ 163

Classes redefined (0 events):
No events

Internal exceptions (10 events):
Event: 9.463 Thread 0x0000000019ccb800 Exception <a 'java/lang/NoSuchMethodError': java.lang.Object.lambda$maxBy$1(Ljava/util/Comparator;Ljava/lang/Object;Ljava/lang/Object;)Ljava/lang/Object;> (0x00000000e44e5428) thrown at [D:\src\AOSP-openjdk-cygwin\jdk8u\hotspot\src\share\vm\interpreter\li
Event: 10.332 Thread 0x0000000019ccb800 Exception <a 'java/lang/NoSuchMethodError': java.lang.Object.lambda$static$0(Ljava/util/Set;Ljava/util/Set;)Z> (0x00000000e103cc60) thrown at [D:\src\AOSP-openjdk-cygwin\jdk8u\hotspot\src\share\vm\interpreter\linkResolver.cpp, line 584]
Event: 10.332 Thread 0x0000000019ccb800 Exception <a 'java/lang/NoSuchMethodError': java.lang.Object.lambda$static$1(Ljava/util/Set;Ljava/util/Set;)Z> (0x00000000e103f9e8) thrown at [D:\src\AOSP-openjdk-cygwin\jdk8u\hotspot\src\share\vm\interpreter\linkResolver.cpp, line 584]
Event: 10.332 Thread 0x0000000019ccb800 Exception <a 'java/lang/NoSuchMethodError': java.lang.Object.lambda$static$2(Ljava/util/Set;Ljava/util/Set;)Z> (0x00000000e1042340) thrown at [D:\src\AOSP-openjdk-cygwin\jdk8u\hotspot\src\share\vm\interpreter\linkResolver.cpp, line 584]
Event: 10.631 Thread 0x0000000019ccb800 Exception <a 'java/lang/ClassNotFoundException': com/android/build/gradle/internal/api/ApkVariantOutputImpl_DecoratedBeanInfo> (0x00000000e21a28b8) thrown at [D:\src\AOSP-openjdk-cygwin\jdk8u\hotspot\src\share\vm\classfile\systemDictionary.cpp, line 210]
Event: 10.631 Thread 0x0000000019ccb800 Exception <a 'java/lang/ClassNotFoundException': com/android/build/gradle/internal/api/ApkVariantOutputImplBeanInfo> (0x00000000e21bb678) thrown at [D:\src\AOSP-openjdk-cygwin\jdk8u\hotspot\src\share\vm\classfile\systemDictionary.cpp, line 210]
Event: 10.632 Thread 0x0000000019ccb800 Exception <a 'java/lang/ClassNotFoundException': com/android/build/gradle/internal/api/BaseVariantOutputImplBeanInfo> (0x00000000e21d5500) thrown at [D:\src\AOSP-openjdk-cygwin\jdk8u\hotspot\src\share\vm\classfile\systemDictionary.cpp, line 210]
Event: 10.633 Thread 0x0000000019ccb800 Exception <a 'java/lang/ClassNotFoundException': com/android/build/gradle/internal/api/BaseVariantOutputImplCustomizer> (0x00000000e21ef6d8) thrown at [D:\src\AOSP-openjdk-cygwin\jdk8u\hotspot\src\share\vm\classfile\systemDictionary.cpp, line 210]
Event: 10.634 Thread 0x0000000019ccb800 Exception <a 'java/lang/ClassNotFoundException': com/android/build/gradle/internal/api/ApkVariantOutputImplCustomizer> (0x00000000e2227300) thrown at [D:\src\AOSP-openjdk-cygwin\jdk8u\hotspot\src\share\vm\classfile\systemDictionary.cpp, line 210]
Event: 10.635 Thread 0x0000000019ccb800 Exception <a 'java/lang/ClassNotFoundException': com/android/build/gradle/internal/api/ApkVariantOutputImpl_DecoratedCustomizer> (0x00000000e2254498) thrown at [D:\src\AOSP-openjdk-cygwin\jdk8u\hotspot\src\share\vm\classfile\systemDictionary.cpp, line 210

Events (10 events):
Event: 10.733 loading class org/gradle/api/internal/project/taskfactory/LocalStatePropertyAnnotationHandler$1
Event: 10.733 loading class org/gradle/api/internal/project/taskfactory/LocalStatePropertyAnnotationHandler$1 done
Event: 10.733 loading class org/gradle/api/internal/tasks/DefaultTaskLocalState$1
Event: 10.733 loading class org/gradle/api/internal/tasks/DefaultTaskLocalState$1 done
Event: 10.734 loading class kotlin/text/RegexKt
Event: 10.734 loading class kotlin/text/RegexKt done
Event: 10.735 loading class org/jetbrains/kotlin/gradle/plugin/KotlinPropertiesKt
Event: 10.735 loading class org/jetbrains/kotlin/gradle/plugin/KotlinPropertiesKt done
Event: 10.735 loading class org/jetbrains/kotlin/gradle/plugin/PropertiesProvider
Event: 10.735 loading class org/jetbrains/kotlin/gradle/plugin/PropertiesProvider done


Dynamic libraries:
0x00007ff7d28d0000 - 0x00007ff7d2901000 	C:\Program Files\Android\Android Studio\jre\bin\java.exe
0x00007fffc9b00000 - 0x00007fffc9ce0000 	C:\WINDOWS\SYSTEM32\ntdll.dll
0x00007fffc99c0000 - 0x00007fffc9a6e000 	C:\WINDOWS\System32\KERNEL32.DLL
0x00007fffc66d0000 - 0x00007fffc6936000 	C:\WINDOWS\System32\KERNELBASE.dll
0x00007fffc8600000 - 0x00007fffc86a1000 	C:\WINDOWS\System32\ADVAPI32.dll
0x00007fffc8560000 - 0x00007fffc85fd000 	C:\WINDOWS\System32\msvcrt.dll
0x00007fffc8de0000 - 0x00007fffc8e3b000 	C:\WINDOWS\System32\sechost.dll
0x00007fffc6fd0000 - 0x00007fffc70ef000 	C:\WINDOWS\System32\RPCRT4.dll
0x00007fffc86b0000 - 0x00007fffc883f000 	C:\WINDOWS\System32\USER32.dll
0x00007fffc6650000 - 0x00007fffc6670000 	C:\WINDOWS\System32\win32u.dll
0x00007fffc70f0000 - 0x00007fffc7118000 	C:\WINDOWS\System32\GDI32.dll
0x00007fffc6940000 - 0x00007fffc6ad3000 	C:\WINDOWS\System32\gdi32full.dll
0x00007fffc6eb0000 - 0x00007fffc6f4b000 	C:\WINDOWS\System32\msvcp_win.dll
0x00007fffc6b30000 - 0x00007fffc6c25000 	C:\WINDOWS\System32\ucrtbase.dll
0x00007fffb4da0000 - 0x00007fffb5009000 	C:\WINDOWS\WinSxS\amd64_microsoft.windows.common-controls_6595b64144ccf1df_6.0.16299.611_none_15c7d8029365981f\COMCTL32.dll
0x00007fffc90a0000 - 0x00007fffc93a7000 	C:\WINDOWS\System32\combase.dll
0x00007fffc6f50000 - 0x00007fffc6fc2000 	C:\WINDOWS\System32\bcryptPrimitives.dll
0x00007fffc8e60000 - 0x00007fffc8e8d000 	C:\WINDOWS\System32\IMM32.DLL
0x00007fffafaa0000 - 0x00007fffafb47000 	C:\Program Files\McAfee\Host Intrusion Prevention\HcApi.dll
0x0000000063190000 - 0x000000006319c000 	C:\Program Files\McAfee\Host Intrusion Prevention\HcThe.dll
0x0000000061120000 - 0x00000000611f2000 	C:\Program Files\Android\Android Studio\jre\jre\bin\msvcr100.dll
0x0000000061200000 - 0x0000000061a3f000 	C:\Program Files\Android\Android Studio\jre\jre\bin\server\jvm.dll
0x00007fffc8e90000 - 0x00007fffc8e98000 	C:\WINDOWS\System32\PSAPI.DLL
0x00007fffc3e60000 - 0x00007fffc3e69000 	C:\WINDOWS\SYSTEM32\WSOCK32.dll
0x00007fffbf340000 - 0x00007fffbf363000 	C:\WINDOWS\SYSTEM32\WINMM.dll
0x00007fffc8d70000 - 0x00007fffc8ddc000 	C:\WINDOWS\System32\WS2_32.dll
0x00007fffbf310000 - 0x00007fffbf33a000 	C:\WINDOWS\SYSTEM32\WINMMBASE.dll
0x00007fffb5780000 - 0x00007fffb578a000 	C:\WINDOWS\SYSTEM32\VERSION.dll
0x00007fffc6ae0000 - 0x00007fffc6b2a000 	C:\WINDOWS\System32\cfgmgr32.dll
0x00007fffc4590000 - 0x00007fffc459f000 	C:\Program Files\Android\Android Studio\jre\jre\bin\verify.dll
0x00007fffc44f0000 - 0x00007fffc4519000 	C:\Program Files\Android\Android Studio\jre\jre\bin\java.dll
0x00007fffc44d0000 - 0x00007fffc44e6000 	C:\Program Files\Android\Android Studio\jre\jre\bin\zip.dll
0x00007fffc7120000 - 0x00007fffc8558000 	C:\WINDOWS\System32\SHELL32.dll
0x00007fffc9870000 - 0x00007fffc9916000 	C:\WINDOWS\System32\shcore.dll
0x00007fffc5f00000 - 0x00007fffc6647000 	C:\WINDOWS\System32\windows.storage.dll
0x00007fffc93b0000 - 0x00007fffc9401000 	C:\WINDOWS\System32\shlwapi.dll
0x00007fffc5ec0000 - 0x00007fffc5ed1000 	C:\WINDOWS\System32\kernel.appcore.dll
0x00007fffc5e50000 - 0x00007fffc5e9c000 	C:\WINDOWS\System32\powrprof.dll
0x00007fffc5ea0000 - 0x00007fffc5ebb000 	C:\WINDOWS\System32\profapi.dll
0x00007fffc43d0000 - 0x00007fffc43ea000 	C:\Program Files\Android\Android Studio\jre\jre\bin\net.dll
0x00007fffc5680000 - 0x00007fffc56e6000 	C:\WINDOWS\system32\mswsock.dll
0x00007fffc43b0000 - 0x00007fffc43c1000 	C:\Program Files\Android\Android Studio\jre\jre\bin\nio.dll
0x00007fffc4860000 - 0x00007fffc487e000 	C:\Users\212628619\.gradle\native\25\windows-amd64\native-platform.dll
0x00007fffc4580000 - 0x00007fffc458d000 	C:\Program Files\Android\Android Studio\jre\jre\bin\management.dll
0x00007fffc5840000 - 0x00007fffc5857000 	C:\WINDOWS\SYSTEM32\CRYPTSP.dll
0x00007fffc5280000 - 0x00007fffc52b3000 	C:\WINDOWS\system32\rsaenh.dll
0x00007fffc5a00000 - 0x00007fffc5a25000 	C:\WINDOWS\SYSTEM32\bcrypt.dll
0x00007fffc5d80000 - 0x00007fffc5da9000 	C:\WINDOWS\SYSTEM32\USERENV.dll
0x00007fffc5860000 - 0x00007fffc586b000 	C:\WINDOWS\SYSTEM32\CRYPTBASE.dll
0x00007fffc5410000 - 0x00007fffc5449000 	C:\WINDOWS\SYSTEM32\IPHLPAPI.DLL
0x00007fffc9090000 - 0x00007fffc9098000 	C:\WINDOWS\System32\NSI.dll
0x00007fffc3200000 - 0x00007fffc3216000 	C:\WINDOWS\SYSTEM32\dhcpcsvc6.DLL
0x00007fffc3060000 - 0x00007fffc307a000 	C:\WINDOWS\SYSTEM32\dhcpcsvc.DLL

VM Arguments:
jvm_args: -Xmx1536m -Dfile.encoding=windows-1252 -Duser.country=US -Duser.language=en -Duser.variant 
java_command: org.gradle.launcher.daemon.bootstrap.GradleDaemon 4.4
java_class_path (initial): C:\Users\212628619\.gradle\wrapper\dists\gradle-4.4-all\9br9xq1tocpiv8o6njlyu5op1\gradle-4.4\lib\gradle-launcher-4.4.jar
Launcher Type: SUN_STANDARD

Environment Variables:
JAVA_HOME=C:\Program Files\Java\jdk1.8.0_162"
CLASSPATH=.;
PATH=C:\ProgramData\Oracle\Java\javapath;C:\WINDOWS\system32;C:\WINDOWS;C:\WINDOWS\System32\Wbem;C:\WINDOWS\System32\WindowsPowerShell\v1.0\;C:\ProgramData\chocolatey\bin;C:\Program Files\Java\jdk1.8.0_162\bin;C:\Program Files\Intel\WiFi\bin\;C:\Program Files\Common Files\Intel\WirelessCommon\;C:\Users\212628619\AppData\Local\Microsoft\WindowsApps;C:\Program Files\Intel\WiFi\bin\;C:\Program Files\Common Files\Intel\WirelessCommon\;C:\Users\212628619\AppData\Local\Box\Box Edit\
USERNAME=212628619
OS=Windows_NT
PROCESSOR_IDENTIFIER=Intel64 Family 6 Model 78 Stepping 3, GenuineIntel



---------------  S Y S T E M  ---------------

OS: Windows 10.0 , 64 bit Build 16299 (10.0.16299.431)

CPU:total 4 (initial active 4) (2 cores per cpu, 2 threads per core) family 6 model 78 stepping 3, cmov, cx8, fxsr, mmx, sse, sse2, sse3, ssse3, sse4.1, sse4.2, popcnt, avx, avx2, aes, clmul, erms, rtm, 3dnowpref, lzcnt, ht, tsc, tscinvbit, bmi1, bmi2, adx

Memory: 4k page, physical 8268728k(1743084k free), swap 12462008k(4268k free)

vm_info: OpenJDK 64-Bit Server VM (25.152-b02) for windows-amd64 JRE (1.8.0_152-release-1024-b02), built by "builder" with MS VC++ 10.0 (VS2010)

time: Thu Sep 20 21:24:23 2018
elapsed time: 10 seconds (0d 0h 0m 10s)

