#
# There is insufficient memory for the Java Runtime Environment to continue.
# Native memory allocation (malloc) failed to allocate 32744 bytes for ChunkPool::allocate
# Possible reasons:
#   The system is out of physical RAM or swap space
#   In 32 bit mode, the process size limit was hit
# Possible solutions:
#   Reduce memory load on the system
#   Increase physical memory or swap space
#   Check if swap backing store is full
#   Use 64 bit Java on a 64 bit OS
#   Decrease Java heap size (-Xmx/-Xms)
#   Decrease number of Java threads
#   Decrease Java thread stack sizes (-Xss)
#   Set larger code cache with -XX:ReservedCodeCacheSize=
# This output file may be truncated or incomplete.
#
#  Out of Memory Error (allocation.cpp:273), pid=37272, tid=0x00000000000088b8
#
# JRE version: OpenJDK Runtime Environment (8.0_152-b02) (build 1.8.0_152-release-1024-b02)
# Java VM: OpenJDK 64-Bit Server VM (25.152-b02 mixed mode windows-amd64 compressed oops)
# Failed to write core dump. Minidumps are not enabled by default on client versions of Windows
#

---------------  T H R E A D  ---------------

Current thread (0x0000000017e60000):  JavaThread "C2 CompilerThread1" daemon [_thread_in_native, id=35000, stack(0x0000000019660000,0x0000000019760000)]

Stack: [0x0000000019660000,0x0000000019760000]
[error occurred during error reporting (printing stack bounds), id 0xc0000005]

Native frames: (J=compiled Java code, j=interpreted, Vv=VM code, C=native code)


Current CompileTask:
C2:   7436 3559       4       java.lang.reflect.Method::toString (20 bytes)


---------------  P R O C E S S  ---------------

Java Threads: ( => current thread )
  0x000000001e01d800 JavaThread "Memory manager" [_thread_blocked, id=26984, stack(0x0000000023750000,0x0000000023850000)]
  0x000000001e01f000 JavaThread "build operations Thread 4" [_thread_blocked, id=31580, stack(0x0000000023050000,0x0000000023150000)]
  0x000000001e020800 JavaThread "build operations Thread 3" [_thread_blocked, id=32628, stack(0x0000000022f50000,0x0000000023050000)]
  0x000000001e01a800 JavaThread "build operations Thread 2" [_thread_blocked, id=18960, stack(0x0000000022d50000,0x0000000022e50000)]
  0x000000001e01c800 JavaThread "build operations" [_thread_blocked, id=35304, stack(0x00000000203a0000,0x00000000204a0000)]
  0x000000001e019800 JavaThread "Cache worker for Artifact transforms cache (C:\Users\212628619\.gradle\caches\transforms-1)" [_thread_blocked, id=26272, stack(0x000000001f1f0000,0x000000001f2f0000)]
  0x000000001b5d1800 JavaThread "Cache worker for file hash cache (C:\Users\212628619\AndroidStudioProjects\gitShitDone\.gradle\4.4\fileHashes)" [_thread_blocked, id=19864, stack(0x000000001dd20000,0x000000001de20000)]
  0x000000001b277000 JavaThread "File lock request listener" [_thread_in_native, id=36432, stack(0x000000001cc50000,0x000000001cd50000)]
  0x000000001ad87800 JavaThread "Cache worker for file hash cache (C:\Users\212628619\.gradle\caches\4.4\fileHashes)" [_thread_blocked, id=34120, stack(0x000000001cb50000,0x000000001cc50000)]
  0x000000001b056000 JavaThread "Stdin handler" [_thread_blocked, id=37040, stack(0x000000001c850000,0x000000001c950000)]
  0x000000001b03b800 JavaThread "Asynchronous log dispatcher for DefaultDaemonConnection: socket connection from /127.0.0.1:50350 to /127.0.0.1:50351" [_thread_blocked, id=30908, stack(0x000000001c750000,0x000000001c850000)]
  0x000000001b05a800 JavaThread "Daemon worker" [_thread_blocked, id=35624, stack(0x000000001c650000,0x000000001c750000)]
  0x000000001b04b800 JavaThread "Cancel handler" [_thread_blocked, id=8736, stack(0x000000001c550000,0x000000001c650000)]
  0x000000001ae01800 JavaThread "Handler for socket connection from /127.0.0.1:50350 to /127.0.0.1:50351" [_thread_in_native, id=31932, stack(0x000000001c250000,0x000000001c350000)]
  0x000000001ae00000 JavaThread "Daemon" [_thread_blocked, id=30264, stack(0x000000001c150000,0x000000001c250000)]
  0x000000001ae50800 JavaThread "Daemon periodic checks" [_thread_blocked, id=35552, stack(0x000000001c050000,0x000000001c150000)]
  0x000000001ae2b800 JavaThread "Incoming local TCP Connector on port 50350" [_thread_in_native, id=22420, stack(0x000000001bb70000,0x000000001bc70000)]
  0x0000000019888800 JavaThread "Service Thread" daemon [_thread_blocked, id=22516, stack(0x0000000019c60000,0x0000000019d60000)]
  0x0000000017e69800 JavaThread "C1 CompilerThread2" daemon [_thread_blocked, id=24124, stack(0x0000000019760000,0x0000000019860000)]
=>0x0000000017e60000 JavaThread "C2 CompilerThread1" daemon [_thread_in_native, id=35000, stack(0x0000000019660000,0x0000000019760000)]
  0x0000000017e5c000 JavaThread "C2 CompilerThread0" daemon [_thread_in_native, id=24472, stack(0x0000000019560000,0x0000000019660000)]
  0x0000000017e5a800 JavaThread "Attach Listener" daemon [_thread_blocked, id=31464, stack(0x0000000019460000,0x0000000019560000)]
  0x0000000017e59800 JavaThread "Signal Dispatcher" daemon [_thread_blocked, id=12532, stack(0x0000000019360000,0x0000000019460000)]
  0x00000000044ed800 JavaThread "Finalizer" daemon [_thread_blocked, id=33764, stack(0x00000000190b0000,0x00000000191b0000)]
  0x00000000044e2800 JavaThread "Reference Handler" daemon [_thread_blocked, id=31840, stack(0x0000000018fb0000,0x00000000190b0000)]
  0x00000000042ee000 JavaThread "main" [_thread_blocked, id=37564, stack(0x00000000042f0000,0x00000000043f0000)]

Other Threads:
  0x0000000017e25800 VMThread [stack: 0x0000000018eb0000,0x0000000018fb0000] [id=20396]
  0x0000000017ebe000 WatcherThread [stack: 0x0000000019d60000,0x0000000019e60000] [id=37232]

VM state:at safepoint (normal execution)

VM Mutex/Monitor currently owned by a thread:  ([mutex/lock_event])
[0x00000000042ed750] Threads_lock - owner thread: 0x0000000017e25800
[0x00000000042ed150] Heap_lock - owner thread: 0x000000001b05a800

Heap:
 PSYoungGen      total 88576K, used 54759K [0x00000000e0000000, 0x00000000e8300000, 0x0000000100000000)
  eden space 77312K, 70% used [0x00000000e0000000,0x00000000e3579f10,0x00000000e4b80000)
  from space 11264K, 0% used [0x00000000e4b80000,0x00000000e4b80000,0x00000000e5680000)
  to   space 11776K, 0% used [0x00000000e7780000,0x00000000e7780000,0x00000000e8300000)
 ParOldGen       total 60416K, used 14979K [0x00000000a0000000, 0x00000000a3b00000, 0x00000000e0000000)
  object space 60416K, 24% used [0x00000000a0000000,0x00000000a0ea0c98,0x00000000a3b00000)
 Metaspace       used 37430K, capacity 38076K, committed 38144K, reserved 1085440K
  class space    used 5109K, capacity 5332K, committed 5376K, reserved 1048576K

Card table byte_map: [0x00000000138b0000,0x0000000013bc0000] byte_map_base: 0x00000000133b0000

Marking Bits: (ParMarkBitMap*) 0x00000000619c4970
 Begin Bits: [0x00000000141c0000, 0x00000000159c0000)
 End Bits:   [0x00000000159c0000, 0x00000000171c0000)

Polling page: 0x00000000029f0000

CodeCache: size=245760Kb used=11419Kb max_used=11419Kb free=234340Kb
 bounds [0x00000000044f0000, 0x0000000005020000, 0x00000000134f0000]
 total_blobs=4092 nmethods=3389 adapters=615
 compilation: enabled

Compilation events (10 events):
Event: 7.422 Thread 0x0000000017e69800 3727       3       sun.security.util.ManifestDigester::findSection (180 bytes)
Event: 7.422 Thread 0x0000000017e69800 nmethod 3727 0x000000000501d090 code [0x000000000501d220, 0x000000000501d6b0]
Event: 7.422 Thread 0x0000000017e69800 3726       2       sun.security.util.ManifestDigester::isNameAttr (102 bytes)
Event: 7.423 Thread 0x0000000017e69800 nmethod 3726 0x000000000501d8d0 code [0x000000000501da40, 0x000000000501dcd0]
Event: 7.425 Thread 0x0000000017e69800 3729       2       sun.security.util.ObjectIdentifier::pack7Oid (84 bytes)
Event: 7.426 Thread 0x0000000017e69800 nmethod 3729 0x000000000501de50 code [0x000000000501dfc0, 0x000000000501e2b8]
Event: 7.426 Thread 0x0000000017e69800 3728       2       sun.security.util.ObjectIdentifier::pack7Oid (42 bytes)
Event: 7.426 Thread 0x0000000017e69800 nmethod 3728 0x000000000501e490 code [0x000000000501e600, 0x000000000501e808]
Event: 7.426 Thread 0x0000000017e69800 3730       2       sun.security.util.ObjectIdentifier::checkOtherComponent (39 bytes)
Event: 7.426 Thread 0x0000000017e69800 nmethod 3730 0x000000000501e8d0 code [0x000000000501ea80, 0x000000000501ee88]

GC Heap History (10 events):
Event: 3.997 GC heap before
{Heap before GC invocations=7 (full 1):
 PSYoungGen      total 38400K, used 33280K [0x00000000e0000000, 0x00000000e5500000, 0x0000000100000000)
  eden space 33280K, 100% used [0x00000000e0000000,0x00000000e2080000,0x00000000e2080000)
  from space 5120K, 0% used [0x00000000e2080000,0x00000000e2080000,0x00000000e2580000)
  to   space 10240K, 0% used [0x00000000e4b00000,0x00000000e4b00000,0x00000000e5500000)
 ParOldGen       total 60416K, used 8061K [0x00000000a0000000, 0x00000000a3b00000, 0x00000000e0000000)
  object space 60416K, 13% used [0x00000000a0000000,0x00000000a07df5d8,0x00000000a3b00000)
 Metaspace       used 24185K, capacity 24576K, committed 24832K, reserved 1071104K
  class space    used 3342K, capacity 3495K, committed 3584K, reserved 1048576K
Event: 4.005 GC heap after
Heap after GC invocations=7 (full 1):
 PSYoungGen      total 55808K, used 3941K [0x00000000e0000000, 0x00000000e4f00000, 0x0000000100000000)
  eden space 51712K, 0% used [0x00000000e0000000,0x00000000e0000000,0x00000000e3280000)
  from space 4096K, 96% used [0x00000000e4b00000,0x00000000e4ed9470,0x00000000e4f00000)
  to   space 10240K, 0% used [0x00000000e3b00000,0x00000000e3b00000,0x00000000e4500000)
 ParOldGen       total 60416K, used 8069K [0x00000000a0000000, 0x00000000a3b00000, 0x00000000e0000000)
  object space 60416K, 13% used [0x00000000a0000000,0x00000000a07e15d8,0x00000000a3b00000)
 Metaspace       used 24185K, capacity 24576K, committed 24832K, reserved 1071104K
  class space    used 3342K, capacity 3495K, committed 3584K, reserved 1048576K
}
Event: 4.855 GC heap before
{Heap before GC invocations=8 (full 1):
 PSYoungGen      total 55808K, used 55653K [0x00000000e0000000, 0x00000000e4f00000, 0x0000000100000000)
  eden space 51712K, 100% used [0x00000000e0000000,0x00000000e3280000,0x00000000e3280000)
  from space 4096K, 96% used [0x00000000e4b00000,0x00000000e4ed9470,0x00000000e4f00000)
  to   space 10240K, 0% used [0x00000000e3b00000,0x00000000e3b00000,0x00000000e4500000)
 ParOldGen       total 60416K, used 8069K [0x00000000a0000000, 0x00000000a3b00000, 0x00000000e0000000)
  object space 60416K, 13% used [0x00000000a0000000,0x00000000a07e15d8,0x00000000a3b00000)
 Metaspace       used 27608K, capacity 28032K, committed 28160K, reserved 1073152K
  class space    used 3857K, capacity 4025K, committed 4096K, reserved 1048576K
Event: 4.865 GC heap after
Heap after GC invocations=8 (full 1):
 PSYoungGen      total 70656K, used 6558K [0x00000000e0000000, 0x00000000e6000000, 0x0000000100000000)
  eden space 60416K, 0% used [0x00000000e0000000,0x00000000e0000000,0x00000000e3b00000)
  from space 10240K, 64% used [0x00000000e3b00000,0x00000000e4167ac8,0x00000000e4500000)
  to   space 9728K, 0% used [0x00000000e5680000,0x00000000e5680000,0x00000000e6000000)
 ParOldGen       total 60416K, used 8077K [0x00000000a0000000, 0x00000000a3b00000, 0x00000000e0000000)
  object space 60416K, 13% used [0x00000000a0000000,0x00000000a07e35d8,0x00000000a3b00000)
 Metaspace       used 27608K, capacity 28032K, committed 28160K, reserved 1073152K
  class space    used 3857K, capacity 4025K, committed 4096K, reserved 1048576K
}
Event: 6.308 GC heap before
{Heap before GC invocations=9 (full 1):
 PSYoungGen      total 70656K, used 66974K [0x00000000e0000000, 0x00000000e6000000, 0x0000000100000000)
  eden space 60416K, 100% used [0x00000000e0000000,0x00000000e3b00000,0x00000000e3b00000)
  from space 10240K, 64% used [0x00000000e3b00000,0x00000000e4167ac8,0x00000000e4500000)
  to   space 9728K, 0% used [0x00000000e5680000,0x00000000e5680000,0x00000000e6000000)
 ParOldGen       total 60416K, used 8077K [0x00000000a0000000, 0x00000000a3b00000, 0x00000000e0000000)
  object space 60416K, 13% used [0x00000000a0000000,0x00000000a07e35d8,0x00000000a3b00000)
 Metaspace       used 33091K, capacity 33750K, committed 33792K, reserved 1079296K
  class space    used 4601K, capacity 4829K, committed 4864K, reserved 1048576K
Event: 6.320 GC heap after
Heap after GC invocations=9 (full 1):
 PSYoungGen      total 87040K, used 9712K [0x00000000e0000000, 0x00000000e6e00000, 0x0000000100000000)
  eden space 77312K, 0% used [0x00000000e0000000,0x00000000e0000000,0x00000000e4b80000)
  from space 9728K, 99% used [0x00000000e5680000,0x00000000e5ffc328,0x00000000e6000000)
  to   space 11264K, 0% used [0x00000000e4b80000,0x00000000e4b80000,0x00000000e5680000)
 ParOldGen       total 60416K, used 8878K [0x00000000a0000000, 0x00000000a3b00000, 0x00000000e0000000)
  object space 60416K, 14% used [0x00000000a0000000,0x00000000a08abae0,0x00000000a3b00000)
 Metaspace       used 33091K, capacity 33750K, committed 33792K, reserved 1079296K
  class space    used 4601K, capacity 4829K, committed 4864K, reserved 1048576K
}
Event: 6.496 GC heap before
{Heap before GC invocations=10 (full 1):
 PSYoungGen      total 87040K, used 22226K [0x00000000e0000000, 0x00000000e6e00000, 0x0000000100000000)
  eden space 77312K, 16% used [0x00000000e0000000,0x00000000e0c388a0,0x00000000e4b80000)
  from space 9728K, 99% used [0x00000000e5680000,0x00000000e5ffc328,0x00000000e6000000)
  to   space 11264K, 0% used [0x00000000e4b80000,0x00000000e4b80000,0x00000000e5680000)
 ParOldGen       total 60416K, used 8878K [0x00000000a0000000, 0x00000000a3b00000, 0x00000000e0000000)
  object space 60416K, 14% used [0x00000000a0000000,0x00000000a08abae0,0x00000000a3b00000)
 Metaspace       used 34643K, capacity 35246K, committed 35416K, reserved 1079296K
  class space    used 4771K, capacity 4967K, committed 4992K, reserved 1048576K
Event: 6.517 GC heap after
Heap after GC invocations=10 (full 1):
 PSYoungGen      total 88576K, used 8281K [0x00000000e0000000, 0x00000000e8300000, 0x0000000100000000)
  eden space 77312K, 0% used [0x00000000e0000000,0x00000000e0000000,0x00000000e4b80000)
  from space 11264K, 73% used [0x00000000e4b80000,0x00000000e5396490,0x00000000e5680000)
  to   space 11776K, 0% used [0x00000000e7780000,0x00000000e7780000,0x00000000e8300000)
 ParOldGen       total 60416K, used 8886K [0x00000000a0000000, 0x00000000a3b00000, 0x00000000e0000000)
  object space 60416K, 14% used [0x00000000a0000000,0x00000000a08adae0,0x00000000a3b00000)
 Metaspace       used 34643K, capacity 35246K, committed 35416K, reserved 1079296K
  class space    used 4771K, capacity 4967K, committed 4992K, reserved 1048576K
}
Event: 6.517 GC heap before
{Heap before GC invocations=11 (full 2):
 PSYoungGen      total 88576K, used 8281K [0x00000000e0000000, 0x00000000e8300000, 0x0000000100000000)
  eden space 77312K, 0% used [0x00000000e0000000,0x00000000e0000000,0x00000000e4b80000)
  from space 11264K, 73% used [0x00000000e4b80000,0x00000000e5396490,0x00000000e5680000)
  to   space 11776K, 0% used [0x00000000e7780000,0x00000000e7780000,0x00000000e8300000)
 ParOldGen       total 60416K, used 8886K [0x00000000a0000000, 0x00000000a3b00000, 0x00000000e0000000)
  object space 60416K, 14% used [0x00000000a0000000,0x00000000a08adae0,0x00000000a3b00000)
 Metaspace       used 34643K, capacity 35246K, committed 35416K, reserved 1079296K
  class space    used 4771K, capacity 4967K, committed 4992K, reserved 1048576K
Event: 6.748 GC heap after
Heap after GC invocations=11 (full 2):
 PSYoungGen      total 88576K, used 0K [0x00000000e0000000, 0x00000000e8300000, 0x0000000100000000)
  eden space 77312K, 0% used [0x00000000e0000000,0x00000000e0000000,0x00000000e4b80000)
  from space 11264K, 0% used [0x00000000e4b80000,0x00000000e4b80000,0x00000000e5680000)
  to   space 11776K, 0% used [0x00000000e7780000,0x00000000e7780000,0x00000000e8300000)
 ParOldGen       total 60416K, used 14979K [0x00000000a0000000, 0x00000000a3b00000, 0x00000000e0000000)
  object space 60416K, 24% used [0x00000000a0000000,0x00000000a0ea0c98,0x00000000a3b00000)
 Metaspace       used 34643K, capacity 35246K, committed 35416K, reserved 1079296K
  class space    used 4771K, capacity 4967K, committed 4992K, reserved 1048576K
}

Deoptimization events (10 events):
Event: 6.213 Thread 0x000000001b05a800 Uncommon trap: reason=predicate action=maybe_recompile pc=0x0000000004a61e70 method=java.util.Arrays.binarySearch0([Ljava/lang/Object;IILjava/lang/Object;Ljava/util/Comparator;)I @ 28
Event: 6.246 Thread 0x000000001b05a800 Uncommon trap: reason=unstable_if action=reinterpret pc=0x0000000004afb1ac method=sun.misc.MetaIndex.mayContain(Ljava/lang/String;)Z @ 38
Event: 6.895 Thread 0x000000001b05a800 Uncommon trap: reason=unstable_if action=reinterpret pc=0x0000000004d61574 method=java.util.concurrent.ConcurrentHashMap.get(Ljava/lang/Object;)Ljava/lang/Object; @ 76
Event: 7.143 Thread 0x000000001b05a800 Uncommon trap: reason=unstable_if action=reinterpret pc=0x0000000004d9c4f8 method=java.util.HashMap.putVal(ILjava/lang/Object;Ljava/lang/Object;ZZ)Ljava/lang/Object; @ 162
Event: 7.143 Thread 0x000000001b05a800 Uncommon trap: reason=unstable_if action=reinterpret pc=0x0000000004d85e28 method=java.util.HashMap.putVal(ILjava/lang/Object;Ljava/lang/Object;ZZ)Ljava/lang/Object; @ 162
Event: 7.143 Thread 0x000000001b05a800 Uncommon trap: reason=unstable_if action=reinterpret pc=0x0000000004943738 method=java.util.HashMap.resize()[Ljava/util/HashMap$Node; @ 206
Event: 7.240 Thread 0x000000001b05a800 Uncommon trap: reason=unstable_if action=reinterpret pc=0x0000000004f831f4 method=java.lang.reflect.Modifier.toString(I)Ljava/lang/String; @ 123
Event: 7.240 Thread 0x000000001b05a800 Uncommon trap: reason=unstable_if action=reinterpret pc=0x0000000004fa3eec method=java.lang.reflect.Modifier.toString(I)Ljava/lang/String; @ 123
Event: 7.415 Thread 0x000000001b05a800 Uncommon trap: reason=unstable_if action=reinterpret pc=0x0000000004a813dc method=java.util.jar.Attributes$Name.isDigit(C)Z @ 3
Event: 7.422 Thread 0x000000001b05a800 Uncommon trap: reason=unstable_if action=reinterpret pc=0x0000000004af2e00 method=java.lang.ThreadLocal.get()Ljava/lang/Object; @ 11

Classes redefined (0 events):
No events

Internal exceptions (10 events):
Event: 5.976 Thread 0x000000001b05a800 Exception <a 'java/lang/ClassNotFoundException': org/gradle/api/DefaultTaskCustomizer> (0x00000000e2b9eed8) thrown at [D:\src\AOSP-openjdk-cygwin\jdk8u\hotspot\src\share\vm\classfile\systemDictionary.cpp, line 210]
Event: 5.977 Thread 0x000000001b05a800 Exception <a 'java/lang/ClassNotFoundException': org/gradle/api/internal/ConventionTaskCustomizer> (0x00000000e2bd9f00) thrown at [D:\src\AOSP-openjdk-cygwin\jdk8u\hotspot\src\share\vm\classfile\systemDictionary.cpp, line 210]
Event: 5.978 Thread 0x000000001b05a800 Exception <a 'java/lang/ClassNotFoundException': org/gradle/api/tasks/DeleteCustomizer> (0x00000000e2c12a78) thrown at [D:\src\AOSP-openjdk-cygwin\jdk8u\hotspot\src\share\vm\classfile\systemDictionary.cpp, line 210]
Event: 5.979 Thread 0x000000001b05a800 Exception <a 'java/lang/ClassNotFoundException': org/gradle/api/tasks/Delete_DecoratedCustomizer> (0x00000000e2c594f0) thrown at [D:\src\AOSP-openjdk-cygwin\jdk8u\hotspot\src\share\vm\classfile\systemDictionary.cpp, line 210]
Event: 6.019 Thread 0x000000001b05a800 Exception <a 'java/lang/ClassNotFoundException': build_6695j8qvblkv0novnfgkdsggqBeanInfo> (0x00000000e2d82bb0) thrown at [D:\src\AOSP-openjdk-cygwin\jdk8u\hotspot\src\share\vm\classfile\systemDictionary.cpp, line 210]
Event: 6.020 Thread 0x000000001b05a800 Exception <a 'java/lang/ClassNotFoundException': build_6695j8qvblkv0novnfgkdsggqCustomizer> (0x00000000e2d8d0d0) thrown at [D:\src\AOSP-openjdk-cygwin\jdk8u\hotspot\src\share\vm\classfile\systemDictionary.cpp, line 210]
Event: 6.024 Thread 0x000000001b05a800 Exception <a 'java/lang/ClassNotFoundException': org/gradle/api/internal/plugins/DefaultObjectConfigurationActionBeanInfo> (0x00000000e2df4288) thrown at [D:\src\AOSP-openjdk-cygwin\jdk8u\hotspot\src\share\vm\classfile\systemDictionary.cpp, line 210]
Event: 6.025 Thread 0x000000001b05a800 Exception <a 'java/lang/ClassNotFoundException': org/gradle/api/internal/plugins/DefaultObjectConfigurationActionCustomizer> (0x00000000e2e39570) thrown at [D:\src\AOSP-openjdk-cygwin\jdk8u\hotspot\src\share\vm\classfile\systemDictionary.cpp, line 210]
Event: 6.869 Thread 0x000000001b05a800 Exception <a 'sun/nio/fs/WindowsException'> (0x00000000e057b918) thrown at [D:\src\AOSP-openjdk-cygwin\jdk8u\hotspot\src\share\vm\prims\jni.cpp, line 709]
Event: 7.422 Thread 0x000000001b05a800 Implicit null exception at 0x0000000004af28a8 to 0x0000000004af2de9

Events (10 events):
Event: 7.429 loading class sun/security/x509/X500Name done
Event: 7.429 loading class sun/security/x509/X500Name$1
Event: 7.430 loading class sun/security/x509/X500Name$1 done
Event: 7.430 loading class javax/security/auth/x500/X500Principal
Event: 7.430 loading class javax/security/auth/x500/X500Principal done
Event: 7.430 loading class sun/security/x509/RDN
Event: 7.430 loading class sun/security/x509/RDN done
Event: 7.430 loading class sun/security/x509/AVA
Event: 7.430 loading class sun/security/x509/AVA done
Event: 7.431 loading class sun/security/x509/CertificateValidity


Dynamic libraries:
0x00007ff7d28d0000 - 0x00007ff7d2901000 	C:\Program Files\Android\Android Studio\jre\bin\java.exe
0x00007fffc9b00000 - 0x00007fffc9ce0000 	C:\WINDOWS\SYSTEM32\ntdll.dll
0x00007fffc99c0000 - 0x00007fffc9a6e000 	C:\WINDOWS\System32\KERNEL32.DLL
0x00007fffc66d0000 - 0x00007fffc6936000 	C:\WINDOWS\System32\KERNELBASE.dll
0x00007fffc8600000 - 0x00007fffc86a1000 	C:\WINDOWS\System32\ADVAPI32.dll
0x00007fffc8560000 - 0x00007fffc85fd000 	C:\WINDOWS\System32\msvcrt.dll
0x00007fffc8de0000 - 0x00007fffc8e3b000 	C:\WINDOWS\System32\sechost.dll
0x00007fffc6fd0000 - 0x00007fffc70ef000 	C:\WINDOWS\System32\RPCRT4.dll
0x00007fffc86b0000 - 0x00007fffc883f000 	C:\WINDOWS\System32\USER32.dll
0x00007fffc6650000 - 0x00007fffc6670000 	C:\WINDOWS\System32\win32u.dll
0x00007fffc70f0000 - 0x00007fffc7118000 	C:\WINDOWS\System32\GDI32.dll
0x00007fffc6940000 - 0x00007fffc6ad3000 	C:\WINDOWS\System32\gdi32full.dll
0x00007fffc6eb0000 - 0x00007fffc6f4b000 	C:\WINDOWS\System32\msvcp_win.dll
0x00007fffc6b30000 - 0x00007fffc6c25000 	C:\WINDOWS\System32\ucrtbase.dll
0x00007fffb4da0000 - 0x00007fffb5009000 	C:\WINDOWS\WinSxS\amd64_microsoft.windows.common-controls_6595b64144ccf1df_6.0.16299.611_none_15c7d8029365981f\COMCTL32.dll
0x00007fffc90a0000 - 0x00007fffc93a7000 	C:\WINDOWS\System32\combase.dll
0x00007fffc6f50000 - 0x00007fffc6fc2000 	C:\WINDOWS\System32\bcryptPrimitives.dll
0x00007fffc8e60000 - 0x00007fffc8e8d000 	C:\WINDOWS\System32\IMM32.DLL
0x00007fffafaa0000 - 0x00007fffafb47000 	C:\Program Files\McAfee\Host Intrusion Prevention\HcApi.dll
0x0000000063190000 - 0x000000006319c000 	C:\Program Files\McAfee\Host Intrusion Prevention\HcThe.dll
0x0000000061120000 - 0x00000000611f2000 	C:\Program Files\Android\Android Studio\jre\jre\bin\msvcr100.dll
0x0000000061200000 - 0x0000000061a3f000 	C:\Program Files\Android\Android Studio\jre\jre\bin\server\jvm.dll
0x00007fffc8e90000 - 0x00007fffc8e98000 	C:\WINDOWS\System32\PSAPI.DLL
0x00007fffbf340000 - 0x00007fffbf363000 	C:\WINDOWS\SYSTEM32\WINMM.dll
0x00007fffc3e60000 - 0x00007fffc3e69000 	C:\WINDOWS\SYSTEM32\WSOCK32.dll
0x00007fffc8d70000 - 0x00007fffc8ddc000 	C:\WINDOWS\System32\WS2_32.dll
0x00007fffb5780000 - 0x00007fffb578a000 	C:\WINDOWS\SYSTEM32\VERSION.dll
0x00007fffbf310000 - 0x00007fffbf33a000 	C:\WINDOWS\SYSTEM32\WINMMBASE.dll
0x00007fffc6ae0000 - 0x00007fffc6b2a000 	C:\WINDOWS\System32\cfgmgr32.dll
0x00007fffc4590000 - 0x00007fffc459f000 	C:\Program Files\Android\Android Studio\jre\jre\bin\verify.dll
0x00007fffc44f0000 - 0x00007fffc4519000 	C:\Program Files\Android\Android Studio\jre\jre\bin\java.dll
0x00007fffc44d0000 - 0x00007fffc44e6000 	C:\Program Files\Android\Android Studio\jre\jre\bin\zip.dll
0x00007fffc7120000 - 0x00007fffc8558000 	C:\WINDOWS\System32\SHELL32.dll
0x00007fffc9870000 - 0x00007fffc9916000 	C:\WINDOWS\System32\shcore.dll
0x00007fffc5f00000 - 0x00007fffc6647000 	C:\WINDOWS\System32\windows.storage.dll
0x00007fffc93b0000 - 0x00007fffc9401000 	C:\WINDOWS\System32\shlwapi.dll
0x00007fffc5ec0000 - 0x00007fffc5ed1000 	C:\WINDOWS\System32\kernel.appcore.dll
0x00007fffc5e50000 - 0x00007fffc5e9c000 	C:\WINDOWS\System32\powrprof.dll
0x00007fffc5ea0000 - 0x00007fffc5ebb000 	C:\WINDOWS\System32\profapi.dll
0x00007fffc43d0000 - 0x00007fffc43ea000 	C:\Program Files\Android\Android Studio\jre\jre\bin\net.dll
0x00007fffc5680000 - 0x00007fffc56e6000 	C:\WINDOWS\system32\mswsock.dll
0x00007fffc43b0000 - 0x00007fffc43c1000 	C:\Program Files\Android\Android Studio\jre\jre\bin\nio.dll
0x00007fffc4860000 - 0x00007fffc487e000 	C:\Users\212628619\.gradle\native\25\windows-amd64\native-platform.dll
0x00007fffc4580000 - 0x00007fffc458d000 	C:\Program Files\Android\Android Studio\jre\jre\bin\management.dll
0x00007fffc5840000 - 0x00007fffc5857000 	C:\WINDOWS\SYSTEM32\CRYPTSP.dll
0x00007fffc5280000 - 0x00007fffc52b3000 	C:\WINDOWS\system32\rsaenh.dll
0x00007fffc5a00000 - 0x00007fffc5a25000 	C:\WINDOWS\SYSTEM32\bcrypt.dll
0x00007fffc5d80000 - 0x00007fffc5da9000 	C:\WINDOWS\SYSTEM32\USERENV.dll
0x00007fffc5860000 - 0x00007fffc586b000 	C:\WINDOWS\SYSTEM32\CRYPTBASE.dll
0x00007fffc5410000 - 0x00007fffc5449000 	C:\WINDOWS\SYSTEM32\IPHLPAPI.DLL
0x00007fffc9090000 - 0x00007fffc9098000 	C:\WINDOWS\System32\NSI.dll
0x00007fffc3200000 - 0x00007fffc3216000 	C:\WINDOWS\SYSTEM32\dhcpcsvc6.DLL
0x00007fffc3060000 - 0x00007fffc307a000 	C:\WINDOWS\SYSTEM32\dhcpcsvc.DLL

VM Arguments:
jvm_args: -Xmx1536m -Dfile.encoding=windows-1252 -Duser.country=US -Duser.language=en -Duser.variant 
java_command: org.gradle.launcher.daemon.bootstrap.GradleDaemon 4.4
java_class_path (initial): C:\Users\212628619\.gradle\wrapper\dists\gradle-4.4-all\9br9xq1tocpiv8o6njlyu5op1\gradle-4.4\lib\gradle-launcher-4.4.jar
Launcher Type: SUN_STANDARD

Environment Variables:
JAVA_HOME=C:\Program Files\Java\jdk1.8.0_162"
CLASSPATH=.;
PATH=C:\ProgramData\Oracle\Java\javapath;C:\WINDOWS\system32;C:\WINDOWS;C:\WINDOWS\System32\Wbem;C:\WINDOWS\System32\WindowsPowerShell\v1.0\;C:\ProgramData\chocolatey\bin;C:\Program Files\Java\jdk1.8.0_162\bin;C:\Program Files\Intel\WiFi\bin\;C:\Program Files\Common Files\Intel\WirelessCommon\;C:\Users\212628619\AppData\Local\Microsoft\WindowsApps;C:\Program Files\Intel\WiFi\bin\;C:\Program Files\Common Files\Intel\WirelessCommon\;C:\Users\212628619\AppData\Local\Box\Box Edit\
USERNAME=212628619
OS=Windows_NT
PROCESSOR_IDENTIFIER=Intel64 Family 6 Model 78 Stepping 3, GenuineIntel



---------------  S Y S T E M  ---------------

OS: Windows 10.0 , 64 bit Build 16299 (10.0.16299.431)

CPU:total 4 (initial active 4) (2 cores per cpu, 2 threads per core) family 6 model 78 stepping 3, cmov, cx8, fxsr, mmx, sse, sse2, sse3, ssse3, sse4.1, sse4.2, popcnt, avx, avx2, aes, clmul, erms, rtm, 3dnowpref, lzcnt, ht, tsc, tscinvbit, bmi1, bmi2, adx

Memory: 4k page, physical 8268728k(1804856k free), swap 12462008k(4608k free)

vm_info: OpenJDK 64-Bit Server VM (25.152-b02) for windows-amd64 JRE (1.8.0_152-release-1024-b02), built by "builder" with MS VC++ 10.0 (VS2010)

time: Thu Sep 20 21:25:09 2018
elapsed time: 7 seconds (0d 0h 0m 7s)

