#
# There is insufficient memory for the Java Runtime Environment to continue.
# Native memory allocation (malloc) failed to allocate 1173376 bytes for Chunk::new
# Possible reasons:
#   The system is out of physical RAM or swap space
#   In 32 bit mode, the process size limit was hit
# Possible solutions:
#   Reduce memory load on the system
#   Increase physical memory or swap space
#   Check if swap backing store is full
#   Use 64 bit Java on a 64 bit OS
#   Decrease Java heap size (-Xmx/-Xms)
#   Decrease number of Java threads
#   Decrease Java thread stack sizes (-Xss)
#   Set larger code cache with -XX:ReservedCodeCacheSize=
# This output file may be truncated or incomplete.
#
#  Out of Memory Error (allocation.cpp:390), pid=35348, tid=0x0000000000007a2c
#
# JRE version: OpenJDK Runtime Environment (8.0_152-b02) (build 1.8.0_152-release-1024-b02)
# Java VM: OpenJDK 64-Bit Server VM (25.152-b02 mixed mode windows-amd64 compressed oops)
# Failed to write core dump. Minidumps are not enabled by default on client versions of Windows
#

---------------  T H R E A D  ---------------

Current thread (0x000000001825b800):  JavaThread "C2 CompilerThread0" daemon [_thread_in_native, id=31276, stack(0x0000000019980000,0x0000000019a80000)]

Stack: [0x0000000019980000,0x0000000019a80000]
[error occurred during error reporting (printing stack bounds), id 0xc0000005]

Native frames: (J=compiled Java code, j=interpreted, Vv=VM code, C=native code)


Current CompileTask:
C2:   9841 4113   !   4       java.net.URLClassLoader$1::run (63 bytes)


---------------  P R O C E S S  ---------------

Java Threads: ( => current thread )
  0x000000001d2da000 JavaThread "Memory manager" [_thread_blocked, id=12984, stack(0x0000000023be0000,0x0000000023ce0000)]
  0x000000001a89f800 JavaThread "build operations Thread 4" [_thread_blocked, id=36200, stack(0x00000000234e0000,0x00000000235e0000)]
  0x000000001a89f000 JavaThread "build operations Thread 3" [_thread_blocked, id=30932, stack(0x00000000233e0000,0x00000000234e0000)]
  0x000000001a8a1000 JavaThread "build operations Thread 2" [_thread_blocked, id=32308, stack(0x00000000232e0000,0x00000000233e0000)]
  0x000000001a8a0800 JavaThread "build operations" [_thread_blocked, id=14476, stack(0x00000000209b0000,0x0000000020ab0000)]
  0x000000001a89c800 JavaThread "Cache worker for Artifact transforms cache (C:\Users\212628619\.gradle\caches\transforms-1)" [_thread_blocked, id=29900, stack(0x000000001f610000,0x000000001f710000)]
  0x000000001b686000 JavaThread "Cache worker for file hash cache (C:\Users\212628619\AndroidStudioProjects\gitShitDone\.gradle\4.4\fileHashes)" [_thread_blocked, id=34156, stack(0x000000001e140000,0x000000001e240000)]
  0x000000001b4af800 JavaThread "File lock request listener" [_thread_in_native, id=32520, stack(0x000000001d070000,0x000000001d170000)]
  0x000000001b567000 JavaThread "Cache worker for file hash cache (C:\Users\212628619\.gradle\caches\4.4\fileHashes)" [_thread_blocked, id=35296, stack(0x000000001cf70000,0x000000001d070000)]
  0x000000001b29d000 JavaThread "Stdin handler" [_thread_blocked, id=23132, stack(0x000000001cc70000,0x000000001cd70000)]
  0x000000001b296800 JavaThread "Asynchronous log dispatcher for DefaultDaemonConnection: socket connection from /127.0.0.1:50212 to /127.0.0.1:50214" [_thread_blocked, id=33948, stack(0x000000001cb70000,0x000000001cc70000)]
  0x000000001b3f3800 JavaThread "Daemon worker" [_thread_in_native, id=27884, stack(0x000000001ca70000,0x000000001cb70000)]
  0x000000001b3f2000 JavaThread "Cancel handler" [_thread_blocked, id=34904, stack(0x000000001c970000,0x000000001ca70000)]
  0x000000001b3d5000 JavaThread "Handler for socket connection from /127.0.0.1:50212 to /127.0.0.1:50214" [_thread_in_native, id=31456, stack(0x000000001c670000,0x000000001c770000)]
  0x000000001b3d4800 JavaThread "Daemon" [_thread_blocked, id=36228, stack(0x000000001c570000,0x000000001c670000)]
  0x000000001b146000 JavaThread "Daemon periodic checks" [_thread_blocked, id=29020, stack(0x000000001c470000,0x000000001c570000)]
  0x000000001b2f9000 JavaThread "Incoming local TCP Connector on port 50212" [_thread_in_native, id=35244, stack(0x000000001bf90000,0x000000001c090000)]
  0x0000000019c98800 JavaThread "Service Thread" daemon [_thread_blocked, id=31728, stack(0x000000001a080000,0x000000001a180000)]
  0x0000000018268800 JavaThread "C1 CompilerThread2" daemon [_thread_blocked, id=36888, stack(0x0000000019b80000,0x0000000019c80000)]
  0x0000000018260000 JavaThread "C2 CompilerThread1" daemon [_thread_in_native, id=37224, stack(0x0000000019a80000,0x0000000019b80000)]
=>0x000000001825b800 JavaThread "C2 CompilerThread0" daemon [_thread_in_native, id=31276, stack(0x0000000019980000,0x0000000019a80000)]
  0x000000001825a000 JavaThread "Attach Listener" daemon [_thread_blocked, id=35996, stack(0x0000000019880000,0x0000000019980000)]
  0x0000000018259000 JavaThread "Signal Dispatcher" daemon [_thread_blocked, id=31052, stack(0x0000000019780000,0x0000000019880000)]
  0x00000000048ed000 JavaThread "Finalizer" daemon [_thread_blocked, id=34840, stack(0x00000000194d0000,0x00000000195d0000)]
  0x00000000048e1000 JavaThread "Reference Handler" daemon [_thread_blocked, id=37724, stack(0x00000000193d0000,0x00000000194d0000)]
  0x000000000454e000 JavaThread "main" [_thread_blocked, id=21320, stack(0x00000000046f0000,0x00000000047f0000)]

Other Threads:
  0x0000000018225800 VMThread [stack: 0x00000000192d0000,0x00000000193d0000] [id=29448]
  0x0000000019ca3000 WatcherThread [stack: 0x000000001a180000,0x000000001a280000] [id=37284]

VM state:not at safepoint (normal execution)

VM Mutex/Monitor currently owned by a thread: None

Heap:
 PSYoungGen      total 107008K, used 31559K [0x00000000e0000000, 0x00000000e7480000, 0x0000000100000000)
  eden space 95232K, 22% used [0x00000000e0000000,0x00000000e14a81c0,0x00000000e5d00000)
  from space 11776K, 88% used [0x00000000e5d00000,0x00000000e6729d08,0x00000000e6880000)
  to   space 10752K, 0% used [0x00000000e6880000,0x00000000e6880000,0x00000000e7300000)
 ParOldGen       total 88576K, used 16407K [0x00000000a0000000, 0x00000000a5680000, 0x00000000e0000000)
  object space 88576K, 18% used [0x00000000a0000000,0x00000000a1005ff0,0x00000000a5680000)
 Metaspace       used 41439K, capacity 42316K, committed 42624K, reserved 1085440K
  class space    used 5635K, capacity 5901K, committed 6016K, reserved 1048576K

Card table byte_map: [0x0000000013cb0000,0x0000000013fc0000] byte_map_base: 0x00000000137b0000

Marking Bits: (ParMarkBitMap*) 0x00000000619c4970
 Begin Bits: [0x00000000145c0000, 0x0000000015dc0000)
 End Bits:   [0x0000000015dc0000, 0x00000000175c0000)

Polling page: 0x0000000004520000

CodeCache: size=245760Kb used=12803Kb max_used=12803Kb free=232956Kb
 bounds [0x00000000048f0000, 0x0000000005580000, 0x00000000138f0000]
 total_blobs=4512 nmethods=3795 adapters=630
 compilation: enabled

Compilation events (10 events):
Event: 9.797 Thread 0x0000000018268800 4136       1       java.util.AbstractMap$SimpleImmutableEntry::getKey (5 bytes)
Event: 9.797 Thread 0x0000000018268800 nmethod 4136 0x0000000005575790 code [0x00000000055758e0, 0x00000000055759f0]
Event: 9.800 Thread 0x0000000018268800 4137       3       java.util.regex.Pattern$BitClass::add (97 bytes)
Event: 9.801 Thread 0x0000000018268800 nmethod 4137 0x0000000005575a50 code [0x0000000005575c60, 0x00000000055765d8]
Event: 9.807 Thread 0x0000000018268800 4138   !   3       java.util.zip.ZipFile$ZipFileInflaterInputStream::close (67 bytes)
Event: 9.808 Thread 0x0000000018268800 nmethod 4138 0x0000000005576ad0 code [0x0000000005576ca0, 0x0000000005577498]
Event: 9.808 Thread 0x0000000018268800 4139       3       java.util.zip.InflaterInputStream::close (34 bytes)
Event: 9.808 Thread 0x0000000018268800 nmethod 4139 0x0000000005577850 code [0x00000000055779c0, 0x0000000005577c98]
Event: 9.827 Thread 0x0000000018268800 4140       3       java.util.regex.Pattern::newSingle (98 bytes)
Event: 9.828 Thread 0x0000000018268800 nmethod 4140 0x0000000005577d90 code [0x0000000005578060, 0x0000000005579478]

GC Heap History (10 events):
Event: 5.270 GC heap before
{Heap before GC invocations=7 (full 1):
 PSYoungGen      total 71680K, used 66560K [0x00000000e0000000, 0x00000000e4b00000, 0x0000000100000000)
  eden space 66560K, 100% used [0x00000000e0000000,0x00000000e4100000,0x00000000e4100000)
  from space 5120K, 0% used [0x00000000e4100000,0x00000000e4100000,0x00000000e4600000)
  to   space 5120K, 0% used [0x00000000e4600000,0x00000000e4600000,0x00000000e4b00000)
 ParOldGen       total 56832K, used 7932K [0x00000000a0000000, 0x00000000a3780000, 0x00000000e0000000)
  object space 56832K, 13% used [0x00000000a0000000,0x00000000a07bf268,0x00000000a3780000)
 Metaspace       used 26570K, capacity 27066K, committed 27136K, reserved 1073152K
  class space    used 3663K, capacity 3831K, committed 3840K, reserved 1048576K
Event: 5.280 GC heap after
Heap after GC invocations=7 (full 1):
 PSYoungGen      total 66560K, used 5112K [0x00000000e0000000, 0x00000000e7d00000, 0x0000000100000000)
  eden space 61440K, 0% used [0x00000000e0000000,0x00000000e0000000,0x00000000e3c00000)
  from space 5120K, 99% used [0x00000000e4600000,0x00000000e4afe238,0x00000000e4b00000)
  to   space 10240K, 0% used [0x00000000e3c00000,0x00000000e3c00000,0x00000000e4600000)
 ParOldGen       total 56832K, used 10532K [0x00000000a0000000, 0x00000000a3780000, 0x00000000e0000000)
  object space 56832K, 18% used [0x00000000a0000000,0x00000000a0a49298,0x00000000a3780000)
 Metaspace       used 26570K, capacity 27066K, committed 27136K, reserved 1073152K
  class space    used 3663K, capacity 3831K, committed 3840K, reserved 1048576K
}
Event: 7.377 GC heap before
{Heap before GC invocations=8 (full 1):
 PSYoungGen      total 66560K, used 66323K [0x00000000e0000000, 0x00000000e7d00000, 0x0000000100000000)
  eden space 61440K, 99% used [0x00000000e0000000,0x00000000e3bc6b28,0x00000000e3c00000)
  from space 5120K, 99% used [0x00000000e4600000,0x00000000e4afe238,0x00000000e4b00000)
  to   space 10240K, 0% used [0x00000000e3c00000,0x00000000e3c00000,0x00000000e4600000)
 ParOldGen       total 56832K, used 10532K [0x00000000a0000000, 0x00000000a3780000, 0x00000000e0000000)
  object space 56832K, 18% used [0x00000000a0000000,0x00000000a0a49298,0x00000000a3780000)
 Metaspace       used 29960K, capacity 30430K, committed 30592K, reserved 1075200K
  class space    used 4189K, capacity 4354K, committed 4480K, reserved 1048576K
Event: 7.387 GC heap after
Heap after GC invocations=8 (full 1):
 PSYoungGen      total 71680K, used 9244K [0x00000000e0000000, 0x00000000e7300000, 0x0000000100000000)
  eden space 61440K, 0% used [0x00000000e0000000,0x00000000e0000000,0x00000000e3c00000)
  from space 10240K, 90% used [0x00000000e3c00000,0x00000000e4507368,0x00000000e4600000)
  to   space 10752K, 0% used [0x00000000e6880000,0x00000000e6880000,0x00000000e7300000)
 ParOldGen       total 56832K, used 10540K [0x00000000a0000000, 0x00000000a3780000, 0x00000000e0000000)
  object space 56832K, 18% used [0x00000000a0000000,0x00000000a0a4b298,0x00000000a3780000)
 Metaspace       used 29960K, capacity 30430K, committed 30592K, reserved 1075200K
  class space    used 4189K, capacity 4354K, committed 4480K, reserved 1048576K
}
Event: 8.087 GC heap before
{Heap before GC invocations=9 (full 1):
 PSYoungGen      total 71680K, used 38905K [0x00000000e0000000, 0x00000000e7300000, 0x0000000100000000)
  eden space 61440K, 48% used [0x00000000e0000000,0x00000000e1cf7390,0x00000000e3c00000)
  from space 10240K, 90% used [0x00000000e3c00000,0x00000000e4507368,0x00000000e4600000)
  to   space 10752K, 0% used [0x00000000e6880000,0x00000000e6880000,0x00000000e7300000)
 ParOldGen       total 56832K, used 10540K [0x00000000a0000000, 0x00000000a3780000, 0x00000000e0000000)
  object space 56832K, 18% used [0x00000000a0000000,0x00000000a0a4b298,0x00000000a3780000)
 Metaspace       used 34668K, capacity 35182K, committed 35416K, reserved 1079296K
  class space    used 4772K, capacity 4967K, committed 4992K, reserved 1048576K
Event: 8.097 GC heap after
Heap after GC invocations=9 (full 1):
 PSYoungGen      total 105984K, used 9940K [0x00000000e0000000, 0x00000000e7480000, 0x0000000100000000)
  eden space 95232K, 0% used [0x00000000e0000000,0x00000000e0000000,0x00000000e5d00000)
  from space 10752K, 92% used [0x00000000e6880000,0x00000000e7235300,0x00000000e7300000)
  to   space 11776K, 0% used [0x00000000e5d00000,0x00000000e5d00000,0x00000000e6880000)
 ParOldGen       total 56832K, used 10548K [0x00000000a0000000, 0x00000000a3780000, 0x00000000e0000000)
  object space 56832K, 18% used [0x00000000a0000000,0x00000000a0a4d298,0x00000000a3780000)
 Metaspace       used 34668K, capacity 35182K, committed 35416K, reserved 1079296K
  class space    used 4772K, capacity 4967K, committed 4992K, reserved 1048576K
}
Event: 8.097 GC heap before
{Heap before GC invocations=10 (full 2):
 PSYoungGen      total 105984K, used 9940K [0x00000000e0000000, 0x00000000e7480000, 0x0000000100000000)
  eden space 95232K, 0% used [0x00000000e0000000,0x00000000e0000000,0x00000000e5d00000)
  from space 10752K, 92% used [0x00000000e6880000,0x00000000e7235300,0x00000000e7300000)
  to   space 11776K, 0% used [0x00000000e5d00000,0x00000000e5d00000,0x00000000e6880000)
 ParOldGen       total 56832K, used 10548K [0x00000000a0000000, 0x00000000a3780000, 0x00000000e0000000)
  object space 56832K, 18% used [0x00000000a0000000,0x00000000a0a4d298,0x00000000a3780000)
 Metaspace       used 34668K, capacity 35182K, committed 35416K, reserved 1079296K
  class space    used 4772K, capacity 4967K, committed 4992K, reserved 1048576K
Event: 8.185 GC heap after
Heap after GC invocations=10 (full 2):
 PSYoungGen      total 105984K, used 0K [0x00000000e0000000, 0x00000000e7480000, 0x0000000100000000)
  eden space 95232K, 0% used [0x00000000e0000000,0x00000000e0000000,0x00000000e5d00000)
  from space 10752K, 0% used [0x00000000e6880000,0x00000000e6880000,0x00000000e7300000)
  to   space 11776K, 0% used [0x00000000e5d00000,0x00000000e5d00000,0x00000000e6880000)
 ParOldGen       total 88576K, used 16399K [0x00000000a0000000, 0x00000000a5680000, 0x00000000e0000000)
  object space 88576K, 18% used [0x00000000a0000000,0x00000000a1003ff0,0x00000000a5680000)
 Metaspace       used 34668K, capacity 35182K, committed 35416K, reserved 1079296K
  class space    used 4772K, capacity 4967K, committed 4992K, reserved 1048576K
}
Event: 9.545 GC heap before
{Heap before GC invocations=11 (full 2):
 PSYoungGen      total 105984K, used 95232K [0x00000000e0000000, 0x00000000e7480000, 0x0000000100000000)
  eden space 95232K, 100% used [0x00000000e0000000,0x00000000e5d00000,0x00000000e5d00000)
  from space 10752K, 0% used [0x00000000e6880000,0x00000000e6880000,0x00000000e7300000)
  to   space 11776K, 0% used [0x00000000e5d00000,0x00000000e5d00000,0x00000000e6880000)
 ParOldGen       total 88576K, used 16399K [0x00000000a0000000, 0x00000000a5680000, 0x00000000e0000000)
  object space 88576K, 18% used [0x00000000a0000000,0x00000000a1003ff0,0x00000000a5680000)
 Metaspace       used 40748K, capacity 41518K, committed 41728K, reserved 1085440K
  class space    used 5514K, capacity 5765K, committed 5888K, reserved 1048576K
Event: 9.558 GC heap after
Heap after GC invocations=11 (full 2):
 PSYoungGen      total 107008K, used 10407K [0x00000000e0000000, 0x00000000e7480000, 0x0000000100000000)
  eden space 95232K, 0% used [0x00000000e0000000,0x00000000e0000000,0x00000000e5d00000)
  from space 11776K, 88% used [0x00000000e5d00000,0x00000000e6729d08,0x00000000e6880000)
  to   space 10752K, 0% used [0x00000000e6880000,0x00000000e6880000,0x00000000e7300000)
 ParOldGen       total 88576K, used 16407K [0x00000000a0000000, 0x00000000a5680000, 0x00000000e0000000)
  object space 88576K, 18% used [0x00000000a0000000,0x00000000a1005ff0,0x00000000a5680000)
 Metaspace       used 40748K, capacity 41518K, committed 41728K, reserved 1085440K
  class space    used 5514K, capacity 5765K, committed 5888K, reserved 1048576K
}

Deoptimization events (10 events):
Event: 8.763 Thread 0x000000001b3f3800 Uncommon trap: reason=unstable_if action=reinterpret pc=0x0000000004d56d7c method=java.lang.CharacterDataLatin1.isWhitespace(I)Z @ 14
Event: 8.810 Thread 0x000000001b3f3800 Uncommon trap: reason=unstable_if action=reinterpret pc=0x0000000004e2d124 method=java.util.jar.JarFile.getInputStream(Ljava/util/zip/ZipEntry;)Ljava/io/InputStream; @ 37
Event: 8.815 Thread 0x000000001b3f3800 Uncommon trap: reason=unstable_if action=reinterpret pc=0x00000000051b656c method=java.security.CodeSource.getCertificates()[Ljava/security/cert/Certificate; @ 22
Event: 8.815 Thread 0x000000001b3f3800 Uncommon trap: reason=unstable_if action=reinterpret pc=0x0000000004e702f0 method=java.security.CodeSource.matchCerts(Ljava/security/CodeSource;Z)Z @ 11
Event: 8.838 Thread 0x000000001b3f3800 Uncommon trap: reason=unstable_if action=reinterpret pc=0x0000000004c28abc method=java.util.LinkedHashMap.get(Ljava/lang/Object;)Ljava/lang/Object; @ 20
Event: 9.468 Thread 0x000000001b3f3800 Uncommon trap: reason=unstable_if action=reinterpret pc=0x0000000004deaec8 method=org.objectweb.asm.ByteVector.putUTF8(Ljava/lang/String;)Lorg/objectweb/asm/ByteVector; @ 91
Event: 9.470 Thread 0x000000001b3f3800 Uncommon trap: reason=unstable_if action=reinterpret pc=0x000000000518bdb0 method=org.objectweb.asm.ByteVector.putUTF8(Ljava/lang/String;)Lorg/objectweb/asm/ByteVector; @ 91
Event: 9.490 Thread 0x000000001b3f3800 Uncommon trap: reason=unstable_if action=reinterpret pc=0x0000000005113964 method=java.lang.String.lastIndexOf([CII[CIII)I @ 17
Event: 9.491 Thread 0x000000001b3f3800 Uncommon trap: reason=unstable_if action=reinterpret pc=0x000000000517a730 method=sun.net.www.protocol.jar.Handler.parseURL(Ljava/net/URL;Ljava/lang/String;II)V @ 94
Event: 9.559 Thread 0x00000000048ed000 Uncommon trap: reason=unstable_if action=reinterpret pc=0x0000000005190458 method=java.util.WeakHashMap.expungeStaleEntries()V @ 9

Classes redefined (0 events):
No events

Internal exceptions (10 events):
Event: 9.720 Thread 0x000000001b3f3800 Exception <a 'java/lang/ClassNotFoundException': org/gradle/api/internal/file/CompositeFileCollectionBeanInfo> (0x00000000e0b7bcc0) thrown at [D:\src\AOSP-openjdk-cygwin\jdk8u\hotspot\src\share\vm\classfile\systemDictionary.cpp, line 210]
Event: 9.721 Thread 0x000000001b3f3800 Exception <a 'java/lang/ClassNotFoundException': org/gradle/api/internal/file/AbstractFileCollectionBeanInfo> (0x00000000e0baf5a0) thrown at [D:\src\AOSP-openjdk-cygwin\jdk8u\hotspot\src\share\vm\classfile\systemDictionary.cpp, line 210]
Event: 9.724 Thread 0x000000001b3f3800 Exception <a 'java/lang/ClassNotFoundException': org/gradle/api/internal/file/AbstractFileCollectionCustomizer> (0x00000000e0c7e4d8) thrown at [D:\src\AOSP-openjdk-cygwin\jdk8u\hotspot\src\share\vm\classfile\systemDictionary.cpp, line 210]
Event: 9.725 Thread 0x000000001b3f3800 Exception <a 'java/lang/ClassNotFoundException': org/gradle/api/internal/file/CompositeFileCollectionCustomizer> (0x00000000e0cc36f8) thrown at [D:\src\AOSP-openjdk-cygwin\jdk8u\hotspot\src\share\vm\classfile\systemDictionary.cpp, line 210]
Event: 9.727 Thread 0x000000001b3f3800 Exception <a 'java/lang/ClassNotFoundException': org/gradle/api/internal/file/CompositeFileTreeCustomizer> (0x00000000e0d03b98) thrown at [D:\src\AOSP-openjdk-cygwin\jdk8u\hotspot\src\share\vm\classfile\systemDictionary.cpp, line 210]
Event: 9.728 Thread 0x000000001b3f3800 Exception <a 'java/lang/ClassNotFoundException': org/gradle/api/internal/file/collections/DefaultConfigurableFileTreeCustomizer> (0x00000000e0d4dc18) thrown at [D:\src\AOSP-openjdk-cygwin\jdk8u\hotspot\src\share\vm\classfile\systemDictionary.cpp, line 210
Event: 9.738 Thread 0x000000001b3f3800 Exception <a 'java/lang/ClassNotFoundException': org/gradle/api/plugins/BasePluginConventionBeanInfo> (0x00000000e0e0ea30) thrown at [D:\src\AOSP-openjdk-cygwin\jdk8u\hotspot\src\share\vm\classfile\systemDictionary.cpp, line 210]
Event: 9.739 Thread 0x000000001b3f3800 Exception <a 'java/lang/ClassNotFoundException': org/gradle/api/plugins/BasePluginConventionCustomizer> (0x00000000e0e4d590) thrown at [D:\src\AOSP-openjdk-cygwin\jdk8u\hotspot\src\share\vm\classfile\systemDictionary.cpp, line 210]
Event: 9.743 Thread 0x000000001b3f3800 Exception <a 'java/lang/ClassNotFoundException': org/gradle/api/plugins/JavaPluginConventionBeanInfo> (0x00000000e0eba1a0) thrown at [D:\src\AOSP-openjdk-cygwin\jdk8u\hotspot\src\share\vm\classfile\systemDictionary.cpp, line 210]
Event: 9.744 Thread 0x000000001b3f3800 Exception <a 'java/lang/ClassNotFoundException': org/gradle/api/plugins/JavaPluginConventionCustomizer> (0x00000000e0ef8d00) thrown at [D:\src\AOSP-openjdk-cygwin\jdk8u\hotspot\src\share\vm\classfile\systemDictionary.cpp, line 210]

Events (10 events):
Event: 9.833 loading class com/android/repository/impl/manager/RepoManagerImpl$LocalRepoLoaderFactory
Event: 9.833 loading class com/android/repository/impl/manager/RepoManagerImpl$LocalRepoLoaderFactory done
Event: 9.833 loading class com/android/repository/impl/manager/RepoManagerImpl$RemoteRepoLoaderFactory
Event: 9.833 loading class com/android/repository/impl/manager/RepoManagerImpl$RemoteRepoLoaderFactory done
Event: 9.835 loading class com/android/repository/api/ProgressRunner$ProgressRunnable
Event: 9.835 loading class com/android/repository/api/ProgressRunner$ProgressRunnable done
Event: 9.835 loading class com/android/repository/impl/meta/RepositoryPackages
Event: 9.835 loading class com/android/repository/impl/meta/RepositoryPackages done
Event: 9.836 loading class com/google/common/collect/TreeMultimap
Event: 9.836 loading class com/google/common/collect/TreeMultimap done


Dynamic libraries:
0x00007ff7d28d0000 - 0x00007ff7d2901000 	C:\Program Files\Android\Android Studio\jre\bin\java.exe
0x00007fffc9b00000 - 0x00007fffc9ce0000 	C:\WINDOWS\SYSTEM32\ntdll.dll
0x00007fffc99c0000 - 0x00007fffc9a6e000 	C:\WINDOWS\System32\KERNEL32.DLL
0x00007fffc66d0000 - 0x00007fffc6936000 	C:\WINDOWS\System32\KERNELBASE.dll
0x00007fffc8600000 - 0x00007fffc86a1000 	C:\WINDOWS\System32\ADVAPI32.dll
0x00007fffc8560000 - 0x00007fffc85fd000 	C:\WINDOWS\System32\msvcrt.dll
0x00007fffc8de0000 - 0x00007fffc8e3b000 	C:\WINDOWS\System32\sechost.dll
0x00007fffc6fd0000 - 0x00007fffc70ef000 	C:\WINDOWS\System32\RPCRT4.dll
0x00007fffc86b0000 - 0x00007fffc883f000 	C:\WINDOWS\System32\USER32.dll
0x00007fffc6650000 - 0x00007fffc6670000 	C:\WINDOWS\System32\win32u.dll
0x00007fffc70f0000 - 0x00007fffc7118000 	C:\WINDOWS\System32\GDI32.dll
0x00007fffc6940000 - 0x00007fffc6ad3000 	C:\WINDOWS\System32\gdi32full.dll
0x00007fffc6eb0000 - 0x00007fffc6f4b000 	C:\WINDOWS\System32\msvcp_win.dll
0x00007fffc6b30000 - 0x00007fffc6c25000 	C:\WINDOWS\System32\ucrtbase.dll
0x00007fffb4da0000 - 0x00007fffb5009000 	C:\WINDOWS\WinSxS\amd64_microsoft.windows.common-controls_6595b64144ccf1df_6.0.16299.611_none_15c7d8029365981f\COMCTL32.dll
0x00007fffc90a0000 - 0x00007fffc93a7000 	C:\WINDOWS\System32\combase.dll
0x00007fffc6f50000 - 0x00007fffc6fc2000 	C:\WINDOWS\System32\bcryptPrimitives.dll
0x00007fffc8e60000 - 0x00007fffc8e8d000 	C:\WINDOWS\System32\IMM32.DLL
0x00007fffafaa0000 - 0x00007fffafb47000 	C:\Program Files\McAfee\Host Intrusion Prevention\HcApi.dll
0x0000000063190000 - 0x000000006319c000 	C:\Program Files\McAfee\Host Intrusion Prevention\HcThe.dll
0x0000000061120000 - 0x00000000611f2000 	C:\Program Files\Android\Android Studio\jre\jre\bin\msvcr100.dll
0x0000000061200000 - 0x0000000061a3f000 	C:\Program Files\Android\Android Studio\jre\jre\bin\server\jvm.dll
0x00007fffc8e90000 - 0x00007fffc8e98000 	C:\WINDOWS\System32\PSAPI.DLL
0x00007fffbf340000 - 0x00007fffbf363000 	C:\WINDOWS\SYSTEM32\WINMM.dll
0x00007fffb5780000 - 0x00007fffb578a000 	C:\WINDOWS\SYSTEM32\VERSION.dll
0x00007fffc3e60000 - 0x00007fffc3e69000 	C:\WINDOWS\SYSTEM32\WSOCK32.dll
0x00007fffc8d70000 - 0x00007fffc8ddc000 	C:\WINDOWS\System32\WS2_32.dll
0x00007fffbf310000 - 0x00007fffbf33a000 	C:\WINDOWS\SYSTEM32\winmmbase.dll
0x00007fffc6ae0000 - 0x00007fffc6b2a000 	C:\WINDOWS\System32\cfgmgr32.dll
0x00007fffc4590000 - 0x00007fffc459f000 	C:\Program Files\Android\Android Studio\jre\jre\bin\verify.dll
0x00007fffc44f0000 - 0x00007fffc4519000 	C:\Program Files\Android\Android Studio\jre\jre\bin\java.dll
0x00007fffc44d0000 - 0x00007fffc44e6000 	C:\Program Files\Android\Android Studio\jre\jre\bin\zip.dll
0x00007fffc7120000 - 0x00007fffc8558000 	C:\WINDOWS\System32\SHELL32.dll
0x00007fffc9870000 - 0x00007fffc9916000 	C:\WINDOWS\System32\shcore.dll
0x00007fffc5f00000 - 0x00007fffc6647000 	C:\WINDOWS\System32\windows.storage.dll
0x00007fffc93b0000 - 0x00007fffc9401000 	C:\WINDOWS\System32\shlwapi.dll
0x00007fffc5ec0000 - 0x00007fffc5ed1000 	C:\WINDOWS\System32\kernel.appcore.dll
0x00007fffc5e50000 - 0x00007fffc5e9c000 	C:\WINDOWS\System32\powrprof.dll
0x00007fffc5ea0000 - 0x00007fffc5ebb000 	C:\WINDOWS\System32\profapi.dll
0x00007fffc43d0000 - 0x00007fffc43ea000 	C:\Program Files\Android\Android Studio\jre\jre\bin\net.dll
0x00007fffc5680000 - 0x00007fffc56e6000 	C:\WINDOWS\system32\mswsock.dll
0x00007fffc43b0000 - 0x00007fffc43c1000 	C:\Program Files\Android\Android Studio\jre\jre\bin\nio.dll
0x00007fffc4860000 - 0x00007fffc487e000 	C:\Users\212628619\.gradle\native\25\windows-amd64\native-platform.dll
0x00007fffc4580000 - 0x00007fffc458d000 	C:\Program Files\Android\Android Studio\jre\jre\bin\management.dll
0x00007fffc5840000 - 0x00007fffc5857000 	C:\WINDOWS\SYSTEM32\CRYPTSP.dll
0x00007fffc5280000 - 0x00007fffc52b3000 	C:\WINDOWS\system32\rsaenh.dll
0x00007fffc5a00000 - 0x00007fffc5a25000 	C:\WINDOWS\SYSTEM32\bcrypt.dll
0x00007fffc5d80000 - 0x00007fffc5da9000 	C:\WINDOWS\SYSTEM32\USERENV.dll
0x00007fffc5860000 - 0x00007fffc586b000 	C:\WINDOWS\SYSTEM32\CRYPTBASE.dll
0x00007fffc5410000 - 0x00007fffc5449000 	C:\WINDOWS\SYSTEM32\IPHLPAPI.DLL
0x00007fffc9090000 - 0x00007fffc9098000 	C:\WINDOWS\System32\NSI.dll
0x00007fffc3200000 - 0x00007fffc3216000 	C:\WINDOWS\SYSTEM32\dhcpcsvc6.DLL
0x00007fffc3060000 - 0x00007fffc307a000 	C:\WINDOWS\SYSTEM32\dhcpcsvc.DLL

VM Arguments:
jvm_args: -Xmx1536m -Dfile.encoding=windows-1252 -Duser.country=US -Duser.language=en -Duser.variant 
java_command: org.gradle.launcher.daemon.bootstrap.GradleDaemon 4.4
java_class_path (initial): C:\Users\212628619\.gradle\wrapper\dists\gradle-4.4-all\9br9xq1tocpiv8o6njlyu5op1\gradle-4.4\lib\gradle-launcher-4.4.jar
Launcher Type: SUN_STANDARD

Environment Variables:
JAVA_HOME=C:\Program Files\Java\jdk1.8.0_162"
CLASSPATH=.;
PATH=C:\ProgramData\Oracle\Java\javapath;C:\WINDOWS\system32;C:\WINDOWS;C:\WINDOWS\System32\Wbem;C:\WINDOWS\System32\WindowsPowerShell\v1.0\;C:\ProgramData\chocolatey\bin;C:\Program Files\Java\jdk1.8.0_162\bin;C:\Program Files\Intel\WiFi\bin\;C:\Program Files\Common Files\Intel\WirelessCommon\;C:\Users\212628619\AppData\Local\Microsoft\WindowsApps;C:\Program Files\Intel\WiFi\bin\;C:\Program Files\Common Files\Intel\WirelessCommon\;C:\Users\212628619\AppData\Local\Box\Box Edit\
USERNAME=212628619
OS=Windows_NT
PROCESSOR_IDENTIFIER=Intel64 Family 6 Model 78 Stepping 3, GenuineIntel



---------------  S Y S T E M  ---------------

OS: Windows 10.0 , 64 bit Build 16299 (10.0.16299.431)

CPU:total 4 (initial active 4) (2 cores per cpu, 2 threads per core) family 6 model 78 stepping 3, cmov, cx8, fxsr, mmx, sse, sse2, sse3, ssse3, sse4.1, sse4.2, popcnt, avx, avx2, aes, clmul, erms, rtm, 3dnowpref, lzcnt, ht, tsc, tscinvbit, bmi1, bmi2, adx

Memory: 4k page, physical 8268728k(1776640k free), swap 12462008k(5920k free)

vm_info: OpenJDK 64-Bit Server VM (25.152-b02) for windows-amd64 JRE (1.8.0_152-release-1024-b02), built by "builder" with MS VC++ 10.0 (VS2010)

time: Thu Sep 20 21:23:30 2018
elapsed time: 9 seconds (0d 0h 0m 9s)

