#
# There is insufficient memory for the Java Runtime Environment to continue.
# Native memory allocation (malloc) failed to allocate 1158096 bytes for Chunk::new
# Possible reasons:
#   The system is out of physical RAM or swap space
#   In 32 bit mode, the process size limit was hit
# Possible solutions:
#   Reduce memory load on the system
#   Increase physical memory or swap space
#   Check if swap backing store is full
#   Use 64 bit Java on a 64 bit OS
#   Decrease Java heap size (-Xmx/-Xms)
#   Decrease number of Java threads
#   Decrease Java thread stack sizes (-Xss)
#   Set larger code cache with -XX:ReservedCodeCacheSize=
# This output file may be truncated or incomplete.
#
#  Out of Memory Error (allocation.cpp:390), pid=33140, tid=0x0000000000002d34
#
# JRE version: OpenJDK Runtime Environment (8.0_152-b02) (build 1.8.0_152-release-1024-b02)
# Java VM: OpenJDK 64-Bit Server VM (25.152-b02 mixed mode windows-amd64 compressed oops)
# Failed to write core dump. Minidumps are not enabled by default on client versions of Windows
#

---------------  T H R E A D  ---------------

Current thread (0x000000001825c800):  JavaThread "C2 CompilerThread0" daemon [_thread_in_native, id=11572, stack(0x0000000019960000,0x0000000019a60000)]

Stack: [0x0000000019960000,0x0000000019a60000]
[error occurred during error reporting (printing stack bounds), id 0xc0000005]

Native frames: (J=compiled Java code, j=interpreted, Vv=VM code, C=native code)


Current CompileTask:
C2:   7591 3543       4       java.lang.reflect.Method::toString (20 bytes)


---------------  P R O C E S S  ---------------

Java Threads: ( => current thread )
  0x000000001de72000 JavaThread "Memory manager" [_thread_blocked, id=33696, stack(0x0000000023700000,0x0000000023800000)]
  0x000000001a9e5000 JavaThread "build operations Thread 4" [_thread_blocked, id=9012, stack(0x0000000023500000,0x0000000023600000)]
  0x000000001a9e7000 JavaThread "build operations Thread 3" [_thread_blocked, id=31832, stack(0x0000000023400000,0x0000000023500000)]
  0x000000001a9e4000 JavaThread "build operations Thread 2" [_thread_blocked, id=36280, stack(0x00000000230a0000,0x00000000231a0000)]
  0x000000001a9e2800 JavaThread "build operations" [_thread_blocked, id=37660, stack(0x0000000022fa0000,0x00000000230a0000)]
  0x000000001a9e8000 JavaThread "Cache worker for Artifact transforms cache (C:\Users\212628619\.gradle\caches\transforms-1)" [_thread_blocked, id=36284, stack(0x000000001f5f0000,0x000000001f6f0000)]
  0x000000001b579000 JavaThread "Cache worker for file hash cache (C:\Users\212628619\AndroidStudioProjects\gitShitDone\.gradle\4.4\fileHashes)" [_thread_blocked, id=34676, stack(0x000000001e120000,0x000000001e220000)]
  0x000000001b5d1000 JavaThread "File lock request listener" [_thread_in_native, id=35088, stack(0x000000001d050000,0x000000001d150000)]
  0x000000001b4e6800 JavaThread "Cache worker for file hash cache (C:\Users\212628619\.gradle\caches\4.4\fileHashes)" [_thread_blocked, id=32488, stack(0x000000001cf50000,0x000000001d050000)]
  0x000000001b4e1000 JavaThread "Stdin handler" [_thread_blocked, id=25836, stack(0x000000001cc50000,0x000000001cd50000)]
  0x000000001b4dc000 JavaThread "Asynchronous log dispatcher for DefaultDaemonConnection: socket connection from /127.0.0.1:50247 to /127.0.0.1:50248" [_thread_blocked, id=33480, stack(0x000000001cb50000,0x000000001cc50000)]
  0x000000001b4c6800 JavaThread "Daemon worker" [_thread_in_Java, id=27512, stack(0x000000001ca50000,0x000000001cb50000)]
  0x000000001b4c4000 JavaThread "Cancel handler" [_thread_blocked, id=36844, stack(0x000000001c950000,0x000000001ca50000)]
  0x000000001b1bb000 JavaThread "Handler for socket connection from /127.0.0.1:50247 to /127.0.0.1:50248" [_thread_in_native, id=32108, stack(0x000000001c650000,0x000000001c750000)]
  0x000000001b20b800 JavaThread "Daemon" [_thread_blocked, id=32584, stack(0x000000001c550000,0x000000001c650000)]
  0x000000001b16e000 JavaThread "Daemon periodic checks" [_thread_blocked, id=35664, stack(0x000000001c450000,0x000000001c550000)]
  0x000000001b170800 JavaThread "Incoming local TCP Connector on port 50247" [_thread_in_native, id=36400, stack(0x000000001bf70000,0x000000001c070000)]
  0x0000000019c88800 JavaThread "Service Thread" daemon [_thread_blocked, id=31240, stack(0x000000001a060000,0x000000001a160000)]
  0x0000000018269800 JavaThread "C1 CompilerThread2" daemon [_thread_in_native, id=37628, stack(0x0000000019b60000,0x0000000019c60000)]
  0x0000000018260800 JavaThread "C2 CompilerThread1" daemon [_thread_in_native, id=32124, stack(0x0000000019a60000,0x0000000019b60000)]
=>0x000000001825c800 JavaThread "C2 CompilerThread0" daemon [_thread_in_native, id=11572, stack(0x0000000019960000,0x0000000019a60000)]
  0x000000001825b800 JavaThread "Attach Listener" daemon [_thread_blocked, id=13208, stack(0x0000000019860000,0x0000000019960000)]
  0x000000001825a800 JavaThread "Signal Dispatcher" daemon [_thread_blocked, id=37760, stack(0x0000000019760000,0x0000000019860000)]
  0x00000000048ed000 JavaThread "Finalizer" daemon [_thread_blocked, id=22732, stack(0x00000000194b0000,0x00000000195b0000)]
  0x00000000048e2800 JavaThread "Reference Handler" daemon [_thread_blocked, id=9224, stack(0x00000000193b0000,0x00000000194b0000)]
  0x0000000002d4e000 JavaThread "main" [_thread_blocked, id=27916, stack(0x0000000004610000,0x0000000004710000)]

Other Threads:
  0x0000000018225000 VMThread [stack: 0x00000000192b0000,0x00000000193b0000] [id=26708]
  0x0000000019c89000 WatcherThread [stack: 0x000000001a160000,0x000000001a260000] [id=35176]

VM state:not at safepoint (normal execution)

VM Mutex/Monitor currently owned by a thread: None

Heap:
 PSYoungGen      total 105472K, used 55962K [0x00000000e0000000, 0x00000000e7500000, 0x0000000100000000)
  eden space 94720K, 59% used [0x00000000e0000000,0x00000000e36a6b30,0x00000000e5c80000)
  from space 10752K, 0% used [0x00000000e6800000,0x00000000e6800000,0x00000000e7280000)
  to   space 11776K, 0% used [0x00000000e5c80000,0x00000000e5c80000,0x00000000e6800000)
 ParOldGen       total 92672K, used 16424K [0x00000000a0000000, 0x00000000a5a80000, 0x00000000e0000000)
  object space 92672K, 17% used [0x00000000a0000000,0x00000000a100a280,0x00000000a5a80000)
 Metaspace       used 37937K, capacity 38588K, committed 38784K, reserved 1083392K
  class space    used 5168K, capacity 5396K, committed 5504K, reserved 1048576K

Card table byte_map: [0x0000000013cb0000,0x0000000013fc0000] byte_map_base: 0x00000000137b0000

Marking Bits: (ParMarkBitMap*) 0x00000000619c4970
 Begin Bits: [0x00000000145c0000, 0x0000000015dc0000)
 End Bits:   [0x0000000015dc0000, 0x00000000175c0000)

Polling page: 0x0000000002da0000

CodeCache: size=245760Kb used=12027Kb max_used=12027Kb free=233732Kb
 bounds [0x00000000048f0000, 0x00000000054c0000, 0x00000000138f0000]
 total_blobs=4182 nmethods=3471 adapters=621
 compilation: enabled

Compilation events (10 events):
Event: 7.585 Thread 0x0000000018269800 nmethod 3780 0x00000000054a8ed0 code [0x00000000054a9020, 0x00000000054a9150]
Event: 7.585 Thread 0x0000000018269800 3777       2       sun.security.provider.SHA2::lf_sigma1 (21 bytes)
Event: 7.585 Thread 0x0000000018269800 nmethod 3777 0x00000000054a91d0 code [0x00000000054a9320, 0x00000000054a9470]
Event: 7.585 Thread 0x0000000018269800 3783       1       sun.security.provider.SHA2::lf_R (4 bytes)
Event: 7.585 Thread 0x0000000018269800 nmethod 3783 0x00000000054a94d0 code [0x00000000054a9620, 0x00000000054a9710]
Event: 7.585 Thread 0x0000000018269800 3782       2       sun.security.provider.SHA2::lf_delta0 (20 bytes)
Event: 7.585 Thread 0x0000000018269800 nmethod 3782 0x00000000054a9750 code [0x00000000054a98a0, 0x00000000054a99f0]
Event: 7.585 Thread 0x0000000018269800 3781       2       sun.security.provider.SHA2::lf_delta1 (21 bytes)
Event: 7.585 Thread 0x0000000018269800 nmethod 3781 0x00000000054a9a50 code [0x00000000054a9ba0, 0x00000000054a9cf0]
Event: 7.585 Thread 0x0000000018269800 3784       1       sun.security.provider.SHA2::lf_ch (10 bytes)

GC Heap History (10 events):
Event: 3.804 GC heap before
{Heap before GC invocations=6 (full 1):
 PSYoungGen      total 71680K, used 5088K [0x00000000e0000000, 0x00000000e4b00000, 0x0000000100000000)
  eden space 66560K, 0% used [0x00000000e0000000,0x00000000e0000000,0x00000000e4100000)
  from space 5120K, 99% used [0x00000000e4100000,0x00000000e45f8030,0x00000000e4600000)
  to   space 5120K, 0% used [0x00000000e4600000,0x00000000e4600000,0x00000000e4b00000)
 ParOldGen       total 87552K, used 8273K [0x00000000a0000000, 0x00000000a5580000, 0x00000000e0000000)
  object space 87552K, 9% used [0x00000000a0000000,0x00000000a08144a8,0x00000000a5580000)
 Metaspace       used 20849K, capacity 21200K, committed 21248K, reserved 1067008K
  class space    used 2908K, capacity 3038K, committed 3072K, reserved 1048576K
Event: 3.851 GC heap after
Heap after GC invocations=6 (full 1):
 PSYoungGen      total 71680K, used 0K [0x00000000e0000000, 0x00000000e4b00000, 0x0000000100000000)
  eden space 66560K, 0% used [0x00000000e0000000,0x00000000e0000000,0x00000000e4100000)
  from space 5120K, 0% used [0x00000000e4100000,0x00000000e4100000,0x00000000e4600000)
  to   space 5120K, 0% used [0x00000000e4600000,0x00000000e4600000,0x00000000e4b00000)
 ParOldGen       total 58368K, used 8050K [0x00000000a0000000, 0x00000000a3900000, 0x00000000e0000000)
  object space 58368K, 13% used [0x00000000a0000000,0x00000000a07dc998,0x00000000a3900000)
 Metaspace       used 20849K, capacity 21200K, committed 21248K, reserved 1067008K
  class space    used 2908K, capacity 3038K, committed 3072K, reserved 1048576K
}
Event: 4.929 GC heap before
{Heap before GC invocations=7 (full 1):
 PSYoungGen      total 71680K, used 66560K [0x00000000e0000000, 0x00000000e4b00000, 0x0000000100000000)
  eden space 66560K, 100% used [0x00000000e0000000,0x00000000e4100000,0x00000000e4100000)
  from space 5120K, 0% used [0x00000000e4100000,0x00000000e4100000,0x00000000e4600000)
  to   space 5120K, 0% used [0x00000000e4600000,0x00000000e4600000,0x00000000e4b00000)
 ParOldGen       total 58368K, used 8050K [0x00000000a0000000, 0x00000000a3900000, 0x00000000e0000000)
  object space 58368K, 13% used [0x00000000a0000000,0x00000000a07dc998,0x00000000a3900000)
 Metaspace       used 26562K, capacity 27002K, committed 27136K, reserved 1073152K
  class space    used 3663K, capacity 3831K, committed 3840K, reserved 1048576K
Event: 4.940 GC heap after
Heap after GC invocations=7 (full 1):
 PSYoungGen      total 66560K, used 5091K [0x00000000e0000000, 0x00000000e7c00000, 0x0000000100000000)
  eden space 61440K, 0% used [0x00000000e0000000,0x00000000e0000000,0x00000000e3c00000)
  from space 5120K, 99% used [0x00000000e4600000,0x00000000e4af8d78,0x00000000e4b00000)
  to   space 10240K, 0% used [0x00000000e3c00000,0x00000000e3c00000,0x00000000e4600000)
 ParOldGen       total 58368K, used 10426K [0x00000000a0000000, 0x00000000a3900000, 0x00000000e0000000)
  object space 58368K, 17% used [0x00000000a0000000,0x00000000a0a2e8d0,0x00000000a3900000)
 Metaspace       used 26562K, capacity 27002K, committed 27136K, reserved 1073152K
  class space    used 3663K, capacity 3831K, committed 3840K, reserved 1048576K
}
Event: 6.335 GC heap before
{Heap before GC invocations=8 (full 1):
 PSYoungGen      total 66560K, used 66531K [0x00000000e0000000, 0x00000000e7c00000, 0x0000000100000000)
  eden space 61440K, 100% used [0x00000000e0000000,0x00000000e3c00000,0x00000000e3c00000)
  from space 5120K, 99% used [0x00000000e4600000,0x00000000e4af8d78,0x00000000e4b00000)
  to   space 10240K, 0% used [0x00000000e3c00000,0x00000000e3c00000,0x00000000e4600000)
 ParOldGen       total 58368K, used 10426K [0x00000000a0000000, 0x00000000a3900000, 0x00000000e0000000)
  object space 58368K, 17% used [0x00000000a0000000,0x00000000a0a2e8d0,0x00000000a3900000)
 Metaspace       used 29984K, capacity 30430K, committed 30592K, reserved 1075200K
  class space    used 4189K, capacity 4354K, committed 4480K, reserved 1048576K
Event: 6.346 GC heap after
Heap after GC invocations=8 (full 1):
 PSYoungGen      total 71680K, used 8815K [0x00000000e0000000, 0x00000000e7280000, 0x0000000100000000)
  eden space 61440K, 0% used [0x00000000e0000000,0x00000000e0000000,0x00000000e3c00000)
  from space 10240K, 86% used [0x00000000e3c00000,0x00000000e449beb0,0x00000000e4600000)
  to   space 10752K, 0% used [0x00000000e6800000,0x00000000e6800000,0x00000000e7280000)
 ParOldGen       total 58368K, used 10426K [0x00000000a0000000, 0x00000000a3900000, 0x00000000e0000000)
  object space 58368K, 17% used [0x00000000a0000000,0x00000000a0a2e8d0,0x00000000a3900000)
 Metaspace       used 29984K, capacity 30430K, committed 30592K, reserved 1075200K
  class space    used 4189K, capacity 4354K, committed 4480K, reserved 1048576K
}
Event: 6.874 GC heap before
{Heap before GC invocations=9 (full 1):
 PSYoungGen      total 71680K, used 39759K [0x00000000e0000000, 0x00000000e7280000, 0x0000000100000000)
  eden space 61440K, 50% used [0x00000000e0000000,0x00000000e1e380a0,0x00000000e3c00000)
  from space 10240K, 86% used [0x00000000e3c00000,0x00000000e449beb0,0x00000000e4600000)
  to   space 10752K, 0% used [0x00000000e6800000,0x00000000e6800000,0x00000000e7280000)
 ParOldGen       total 58368K, used 10426K [0x00000000a0000000, 0x00000000a3900000, 0x00000000e0000000)
  object space 58368K, 17% used [0x00000000a0000000,0x00000000a0a2e8d0,0x00000000a3900000)
 Metaspace       used 34682K, capacity 35246K, committed 35416K, reserved 1079296K
  class space    used 4772K, capacity 4967K, committed 4992K, reserved 1048576K
Event: 6.883 GC heap after
Heap after GC invocations=9 (full 1):
 PSYoungGen      total 105472K, used 9846K [0x00000000e0000000, 0x00000000e7500000, 0x0000000100000000)
  eden space 94720K, 0% used [0x00000000e0000000,0x00000000e0000000,0x00000000e5c80000)
  from space 10752K, 91% used [0x00000000e6800000,0x00000000e719d8e0,0x00000000e7280000)
  to   space 11776K, 0% used [0x00000000e5c80000,0x00000000e5c80000,0x00000000e6800000)
 ParOldGen       total 58368K, used 10434K [0x00000000a0000000, 0x00000000a3900000, 0x00000000e0000000)
  object space 58368K, 17% used [0x00000000a0000000,0x00000000a0a308d0,0x00000000a3900000)
 Metaspace       used 34682K, capacity 35246K, committed 35416K, reserved 1079296K
  class space    used 4772K, capacity 4967K, committed 4992K, reserved 1048576K
}
Event: 6.883 GC heap before
{Heap before GC invocations=10 (full 2):
 PSYoungGen      total 105472K, used 9846K [0x00000000e0000000, 0x00000000e7500000, 0x0000000100000000)
  eden space 94720K, 0% used [0x00000000e0000000,0x00000000e0000000,0x00000000e5c80000)
  from space 10752K, 91% used [0x00000000e6800000,0x00000000e719d8e0,0x00000000e7280000)
  to   space 11776K, 0% used [0x00000000e5c80000,0x00000000e5c80000,0x00000000e6800000)
 ParOldGen       total 58368K, used 10434K [0x00000000a0000000, 0x00000000a3900000, 0x00000000e0000000)
  object space 58368K, 17% used [0x00000000a0000000,0x00000000a0a308d0,0x00000000a3900000)
 Metaspace       used 34682K, capacity 35246K, committed 35416K, reserved 1079296K
  class space    used 4772K, capacity 4967K, committed 4992K, reserved 1048576K
Event: 6.970 GC heap after
Heap after GC invocations=10 (full 2):
 PSYoungGen      total 105472K, used 0K [0x00000000e0000000, 0x00000000e7500000, 0x0000000100000000)
  eden space 94720K, 0% used [0x00000000e0000000,0x00000000e0000000,0x00000000e5c80000)
  from space 10752K, 0% used [0x00000000e6800000,0x00000000e6800000,0x00000000e7280000)
  to   space 11776K, 0% used [0x00000000e5c80000,0x00000000e5c80000,0x00000000e6800000)
 ParOldGen       total 92672K, used 16424K [0x00000000a0000000, 0x00000000a5a80000, 0x00000000e0000000)
  object space 92672K, 17% used [0x00000000a0000000,0x00000000a100a280,0x00000000a5a80000)
 Metaspace       used 34682K, capacity 35246K, committed 35416K, reserved 1079296K
  class space    used 4772K, capacity 4967K, committed 4992K, reserved 1048576K
}

Deoptimization events (10 events):
Event: 6.566 Thread 0x000000001b4c6800 Uncommon trap: reason=class_check action=maybe_recompile pc=0x0000000004c8ddc8 method=java.io.BufferedInputStream.read1([BII)I @ 39
Event: 6.703 Thread 0x000000001b4c6800 Uncommon trap: reason=unstable_if action=reinterpret pc=0x0000000004efb260 method=sun.misc.MetaIndex.mayContain(Ljava/lang/String;)Z @ 38
Event: 7.083 Thread 0x000000001b4c6800 Uncommon trap: reason=unstable_if action=reinterpret pc=0x00000000051d6530 method=java.util.concurrent.ConcurrentHashMap.get(Ljava/lang/Object;)Ljava/lang/Object; @ 76
Event: 7.216 Thread 0x000000001b4c6800 Uncommon trap: reason=unstable_if action=reinterpret pc=0x00000000050fc574 method=java.net.URLClassLoader.isSealed(Ljava/lang/String;Ljava/util/jar/Manifest;)Z @ 26
Event: 7.218 Thread 0x000000001b4c6800 Uncommon trap: reason=unstable_if action=reinterpret pc=0x00000000050d7f08 method=java.net.URLClassLoader.isSealed(Ljava/lang/String;Ljava/util/jar/Manifest;)Z @ 26
Event: 7.231 Thread 0x000000001b4c6800 Uncommon trap: reason=unstable_if action=reinterpret pc=0x0000000005184df8 method=java.util.HashMap.putVal(ILjava/lang/Object;Ljava/lang/Object;ZZ)Ljava/lang/Object; @ 162
Event: 7.232 Thread 0x000000001b4c6800 Uncommon trap: reason=unstable_if action=reinterpret pc=0x0000000004d4e778 method=java.util.HashMap.resize()[Ljava/util/HashMap$Node; @ 206
Event: 7.325 Thread 0x000000001b4c6800 Uncommon trap: reason=unstable_if action=reinterpret pc=0x00000000053bc4b8 method=java.lang.reflect.Modifier.toString(I)Ljava/lang/String; @ 123
Event: 7.325 Thread 0x000000001b4c6800 Uncommon trap: reason=unstable_if action=reinterpret pc=0x00000000053e912c method=java.lang.reflect.Modifier.toString(I)Ljava/lang/String; @ 123
Event: 7.534 Thread 0x000000001b4c6800 Uncommon trap: reason=unstable_if action=reinterpret pc=0x0000000004d5f07c method=java.lang.CharacterDataLatin1.isWhitespace(I)Z @ 14

Classes redefined (0 events):
No events

Internal exceptions (10 events):
Event: 6.414 Thread 0x000000001b4c6800 Exception <a 'java/lang/ClassNotFoundException': org/gradle/api/internal/AbstractTaskCustomizer> (0x00000000e02a22f8) thrown at [D:\src\AOSP-openjdk-cygwin\jdk8u\hotspot\src\share\vm\classfile\systemDictionary.cpp, line 210]
Event: 6.417 Thread 0x000000001b4c6800 Exception <a 'java/lang/ClassNotFoundException': org/gradle/api/DefaultTaskCustomizer> (0x00000000e032b370) thrown at [D:\src\AOSP-openjdk-cygwin\jdk8u\hotspot\src\share\vm\classfile\systemDictionary.cpp, line 210]
Event: 6.419 Thread 0x000000001b4c6800 Exception <a 'java/lang/ClassNotFoundException': org/gradle/api/internal/ConventionTaskCustomizer> (0x00000000e03663a0) thrown at [D:\src\AOSP-openjdk-cygwin\jdk8u\hotspot\src\share\vm\classfile\systemDictionary.cpp, line 210]
Event: 6.420 Thread 0x000000001b4c6800 Exception <a 'java/lang/ClassNotFoundException': org/gradle/api/tasks/DeleteCustomizer> (0x00000000e039ef28) thrown at [D:\src\AOSP-openjdk-cygwin\jdk8u\hotspot\src\share\vm\classfile\systemDictionary.cpp, line 210]
Event: 6.422 Thread 0x000000001b4c6800 Exception <a 'java/lang/ClassNotFoundException': org/gradle/api/tasks/Delete_DecoratedCustomizer> (0x00000000e03e59a8) thrown at [D:\src\AOSP-openjdk-cygwin\jdk8u\hotspot\src\share\vm\classfile\systemDictionary.cpp, line 210]
Event: 6.466 Thread 0x000000001b4c6800 Exception <a 'java/lang/ClassNotFoundException': build_6695j8qvblkv0novnfgkdsggqBeanInfo> (0x00000000e050efa8) thrown at [D:\src\AOSP-openjdk-cygwin\jdk8u\hotspot\src\share\vm\classfile\systemDictionary.cpp, line 210]
Event: 6.467 Thread 0x000000001b4c6800 Exception <a 'java/lang/ClassNotFoundException': build_6695j8qvblkv0novnfgkdsggqCustomizer> (0x00000000e05194c8) thrown at [D:\src\AOSP-openjdk-cygwin\jdk8u\hotspot\src\share\vm\classfile\systemDictionary.cpp, line 210]
Event: 6.472 Thread 0x000000001b4c6800 Exception <a 'java/lang/ClassNotFoundException': org/gradle/api/internal/plugins/DefaultObjectConfigurationActionBeanInfo> (0x00000000e0580908) thrown at [D:\src\AOSP-openjdk-cygwin\jdk8u\hotspot\src\share\vm\classfile\systemDictionary.cpp, line 210]
Event: 6.472 Thread 0x000000001b4c6800 Exception <a 'java/lang/ClassNotFoundException': org/gradle/api/internal/plugins/DefaultObjectConfigurationActionCustomizer> (0x00000000e05ccd58) thrown at [D:\src\AOSP-openjdk-cygwin\jdk8u\hotspot\src\share\vm\classfile\systemDictionary.cpp, line 210]
Event: 7.064 Thread 0x000000001b4c6800 Exception <a 'sun/nio/fs/WindowsException'> (0x00000000e054d320) thrown at [D:\src\AOSP-openjdk-cygwin\jdk8u\hotspot\src\share\vm\prims\jni.cpp, line 709]

Events (10 events):
Event: 7.581 loading class sun/security/rsa/RSACore
Event: 7.581 loading class sun/security/rsa/RSACore done
Event: 7.581 loading class sun/security/rsa/RSAPadding
Event: 7.582 loading class sun/security/rsa/RSAPadding done
Event: 7.583 loading class javax/crypto/BadPaddingException
Event: 7.583 loading class javax/crypto/BadPaddingException done
Event: 7.584 loading class sun/security/timestamp/TimestampToken
Event: 7.584 loading class sun/security/timestamp/TimestampToken done
Event: 7.584 loading class java/security/Timestamp
Event: 7.584 loading class java/security/Timestamp done


Dynamic libraries:
0x00007ff7d28d0000 - 0x00007ff7d2901000 	C:\Program Files\Android\Android Studio\jre\bin\java.exe
0x00007fffc9b00000 - 0x00007fffc9ce0000 	C:\WINDOWS\SYSTEM32\ntdll.dll
0x00007fffc99c0000 - 0x00007fffc9a6e000 	C:\WINDOWS\System32\KERNEL32.DLL
0x00007fffc66d0000 - 0x00007fffc6936000 	C:\WINDOWS\System32\KERNELBASE.dll
0x00007fffc8600000 - 0x00007fffc86a1000 	C:\WINDOWS\System32\ADVAPI32.dll
0x00007fffc8560000 - 0x00007fffc85fd000 	C:\WINDOWS\System32\msvcrt.dll
0x00007fffc8de0000 - 0x00007fffc8e3b000 	C:\WINDOWS\System32\sechost.dll
0x00007fffc6fd0000 - 0x00007fffc70ef000 	C:\WINDOWS\System32\RPCRT4.dll
0x00007fffc86b0000 - 0x00007fffc883f000 	C:\WINDOWS\System32\USER32.dll
0x00007fffc6650000 - 0x00007fffc6670000 	C:\WINDOWS\System32\win32u.dll
0x00007fffc70f0000 - 0x00007fffc7118000 	C:\WINDOWS\System32\GDI32.dll
0x00007fffc6940000 - 0x00007fffc6ad3000 	C:\WINDOWS\System32\gdi32full.dll
0x00007fffc6eb0000 - 0x00007fffc6f4b000 	C:\WINDOWS\System32\msvcp_win.dll
0x00007fffc6b30000 - 0x00007fffc6c25000 	C:\WINDOWS\System32\ucrtbase.dll
0x00007fffb4da0000 - 0x00007fffb5009000 	C:\WINDOWS\WinSxS\amd64_microsoft.windows.common-controls_6595b64144ccf1df_6.0.16299.611_none_15c7d8029365981f\COMCTL32.dll
0x00007fffc90a0000 - 0x00007fffc93a7000 	C:\WINDOWS\System32\combase.dll
0x00007fffc6f50000 - 0x00007fffc6fc2000 	C:\WINDOWS\System32\bcryptPrimitives.dll
0x00007fffc8e60000 - 0x00007fffc8e8d000 	C:\WINDOWS\System32\IMM32.DLL
0x00007fffafaa0000 - 0x00007fffafb47000 	C:\Program Files\McAfee\Host Intrusion Prevention\HcApi.dll
0x0000000063190000 - 0x000000006319c000 	C:\Program Files\McAfee\Host Intrusion Prevention\HcThe.dll
0x0000000061120000 - 0x00000000611f2000 	C:\Program Files\Android\Android Studio\jre\jre\bin\msvcr100.dll
0x0000000061200000 - 0x0000000061a3f000 	C:\Program Files\Android\Android Studio\jre\jre\bin\server\jvm.dll
0x00007fffc8e90000 - 0x00007fffc8e98000 	C:\WINDOWS\System32\PSAPI.DLL
0x00007fffbf340000 - 0x00007fffbf363000 	C:\WINDOWS\SYSTEM32\WINMM.dll
0x00007fffb5780000 - 0x00007fffb578a000 	C:\WINDOWS\SYSTEM32\VERSION.dll
0x00007fffc3e60000 - 0x00007fffc3e69000 	C:\WINDOWS\SYSTEM32\WSOCK32.dll
0x00007fffc8d70000 - 0x00007fffc8ddc000 	C:\WINDOWS\System32\WS2_32.dll
0x00007fffbf310000 - 0x00007fffbf33a000 	C:\WINDOWS\SYSTEM32\winmmbase.dll
0x00007fffc6ae0000 - 0x00007fffc6b2a000 	C:\WINDOWS\System32\cfgmgr32.dll
0x00007fffc4590000 - 0x00007fffc459f000 	C:\Program Files\Android\Android Studio\jre\jre\bin\verify.dll
0x00007fffc44f0000 - 0x00007fffc4519000 	C:\Program Files\Android\Android Studio\jre\jre\bin\java.dll
0x00007fffc44d0000 - 0x00007fffc44e6000 	C:\Program Files\Android\Android Studio\jre\jre\bin\zip.dll
0x00007fffc7120000 - 0x00007fffc8558000 	C:\WINDOWS\System32\SHELL32.dll
0x00007fffc9870000 - 0x00007fffc9916000 	C:\WINDOWS\System32\shcore.dll
0x00007fffc5f00000 - 0x00007fffc6647000 	C:\WINDOWS\System32\windows.storage.dll
0x00007fffc93b0000 - 0x00007fffc9401000 	C:\WINDOWS\System32\shlwapi.dll
0x00007fffc5ec0000 - 0x00007fffc5ed1000 	C:\WINDOWS\System32\kernel.appcore.dll
0x00007fffc5e50000 - 0x00007fffc5e9c000 	C:\WINDOWS\System32\powrprof.dll
0x00007fffc5ea0000 - 0x00007fffc5ebb000 	C:\WINDOWS\System32\profapi.dll
0x00007fffc43d0000 - 0x00007fffc43ea000 	C:\Program Files\Android\Android Studio\jre\jre\bin\net.dll
0x00007fffc5680000 - 0x00007fffc56e6000 	C:\WINDOWS\system32\mswsock.dll
0x00007fffc43b0000 - 0x00007fffc43c1000 	C:\Program Files\Android\Android Studio\jre\jre\bin\nio.dll
0x00007fffc4860000 - 0x00007fffc487e000 	C:\Users\212628619\.gradle\native\25\windows-amd64\native-platform.dll
0x00007fffc4580000 - 0x00007fffc458d000 	C:\Program Files\Android\Android Studio\jre\jre\bin\management.dll
0x00007fffc5840000 - 0x00007fffc5857000 	C:\WINDOWS\SYSTEM32\CRYPTSP.dll
0x00007fffc5280000 - 0x00007fffc52b3000 	C:\WINDOWS\system32\rsaenh.dll
0x00007fffc5a00000 - 0x00007fffc5a25000 	C:\WINDOWS\SYSTEM32\bcrypt.dll
0x00007fffc5d80000 - 0x00007fffc5da9000 	C:\WINDOWS\SYSTEM32\USERENV.dll
0x00007fffc5860000 - 0x00007fffc586b000 	C:\WINDOWS\SYSTEM32\CRYPTBASE.dll
0x00007fffc5410000 - 0x00007fffc5449000 	C:\WINDOWS\SYSTEM32\IPHLPAPI.DLL
0x00007fffc9090000 - 0x00007fffc9098000 	C:\WINDOWS\System32\NSI.dll
0x00007fffc3200000 - 0x00007fffc3216000 	C:\WINDOWS\SYSTEM32\dhcpcsvc6.DLL
0x00007fffc3060000 - 0x00007fffc307a000 	C:\WINDOWS\SYSTEM32\dhcpcsvc.DLL

VM Arguments:
jvm_args: -Xmx1536m -Dfile.encoding=windows-1252 -Duser.country=US -Duser.language=en -Duser.variant 
java_command: org.gradle.launcher.daemon.bootstrap.GradleDaemon 4.4
java_class_path (initial): C:\Users\212628619\.gradle\wrapper\dists\gradle-4.4-all\9br9xq1tocpiv8o6njlyu5op1\gradle-4.4\lib\gradle-launcher-4.4.jar
Launcher Type: SUN_STANDARD

Environment Variables:
JAVA_HOME=C:\Program Files\Java\jdk1.8.0_162"
CLASSPATH=.;
PATH=C:\ProgramData\Oracle\Java\javapath;C:\WINDOWS\system32;C:\WINDOWS;C:\WINDOWS\System32\Wbem;C:\WINDOWS\System32\WindowsPowerShell\v1.0\;C:\ProgramData\chocolatey\bin;C:\Program Files\Java\jdk1.8.0_162\bin;C:\Program Files\Intel\WiFi\bin\;C:\Program Files\Common Files\Intel\WirelessCommon\;C:\Users\212628619\AppData\Local\Microsoft\WindowsApps;C:\Program Files\Intel\WiFi\bin\;C:\Program Files\Common Files\Intel\WirelessCommon\;C:\Users\212628619\AppData\Local\Box\Box Edit\
USERNAME=212628619
OS=Windows_NT
PROCESSOR_IDENTIFIER=Intel64 Family 6 Model 78 Stepping 3, GenuineIntel



---------------  S Y S T E M  ---------------

OS: Windows 10.0 , 64 bit Build 16299 (10.0.16299.431)

CPU:total 4 (initial active 4) (2 cores per cpu, 2 threads per core) family 6 model 78 stepping 3, cmov, cx8, fxsr, mmx, sse, sse2, sse3, ssse3, sse4.1, sse4.2, popcnt, avx, avx2, aes, clmul, erms, rtm, 3dnowpref, lzcnt, ht, tsc, tscinvbit, bmi1, bmi2, adx

Memory: 4k page, physical 8268728k(1812628k free), swap 12462008k(4736k free)

vm_info: OpenJDK 64-Bit Server VM (25.152-b02) for windows-amd64 JRE (1.8.0_152-release-1024-b02), built by "builder" with MS VC++ 10.0 (VS2010)

time: Thu Sep 20 21:23:52 2018
elapsed time: 7 seconds (0d 0h 0m 7s)

